2024-09-15 19:47:45,580 - INFO - Sending email to hicham.mazouri@outlook.com with message:
Subject: Your Subject Here
From: sMdC3x9JytEncYEs9sSdW8J2K@outlook.com
To: hicham.mazouri@outlook.com

From: Tractor Supply Customer Support <Tractor Supply Department@customerSupportTractor.com>
To: "Customers@yeti.us" <relay@Yeti.offers>
Message-ID: <BrrIu0ADRskbf8HrZRW.29204097.1706380486828.JavaMail.nobody@push-prod-54cddf84ff-skswk>
Subject: Please Confirm, 2nd Attempt : You Are Our July Winner !PENDING Yeti Crossroads Backpack-
X-IncomingHeaderCount: 13
Content-Type: multipart/alternative; 
	boundary="----=_Part_29204095_974381170.1706380486827"
List-Unsubscribe: <https://www.tumblr.com/account/optout/relay%40akitsana.shop?type=ask_answer&hash=X9RY7rHjpGYrvEMHjWyp3RrmYU>
X-userId-hash: 73f41225
X-optoutCategory: ask_answer
X-userId: 484622342
X-IncomingHeaderCount: 21
X-category: ask_answer
List-Unsubscribe-Post: List-Unsubscribe=One-Click
X-Tumblr-Priority: high
X-Tumblr-Provider:
X-Mailer: TumblrBot
X-SMTPAPI: {"category":"ask_answer","unique_args":{"userId":484622342}}
X-EN-UserInfo: 994d0ba2e62dda41e53604234b3ed323:931c98230c6409dcc37fa7e93b490c27
X-EN-AuthUser: communication-nd7k497@shappify.com
Sender: Tractor Supply Support <Tractor Supply Department@customerSupportTractor.com>
X-EN-OrigIP: 4.172.241.144
X-EN-OrigHost: unknown
X-IncomingHeaderCount: 44
Return-Path: <>
X-MS-Exchange-Organization-ExpirationStartTime: 24 Jun 2024 08:47:58.1816
 (UTC)
X-MS-Exchange-Organization-ExpirationStartTimeReason: OriginalSubmit
X-MS-Exchange-Organization-ExpirationInterval: 1:00:00:00.0000000
X-MS-Exchange-Organization-ExpirationIntervalReason: OriginalSubmit
X-MS-Exchange-Organization-Network-Message-Id:
 f8fccb17-fab4-4698-e92c-08dc942a58f5
X-EOPAttributedMessage: 0
X-EOPTenantAttributedMessage: 84df9e7f-e9f6-40af-b435-aaaaaaaaaaaa:0
X-MS-Exchange-Organization-MessageDirectionality: Incoming
X-MS-PublicTrafficType: Email
X-MS-TrafficTypeDiagnostic:
 SN1PEPF000397AF:EE_|DS7PR19MB5950:EE_|VI0PR03MB10590:EE_|DBAPR03MB6390:EE_
X-MS-Exchange-Organization-AuthSource:
 SN1PEPF000397AF.namprd05.prod.outlook.com
X-MS-Exchange-Organization-AuthAs: Anonymous
X-MS-Exchange-Transport-Resubmitted-ClientId: AntispamTT
X-MS-Exchange-Organization-ExpirationStartTime: 24 Jun 2024 09:26:08.5074
 (UTC)
X-MS-Exchange-Organization-ExpirationStartTimeReason: SafetyNet
X-MS-UserLastLogonTime: 6/24/2024 8:55:55 AM
X-MS-Office365-Filtering-Correlation-Id: f8fccb17-fab4-4698-e92c-08dc942a58f5
X-MS-Exchange-EOPDirect: true
X-Sender-IP: 65.254.253.32
X-SID-PRA: REI DEPARTMENT@CUSTOMERSUPPORTREI.COM
X-SID-Result: NONE
X-MS-Exchange-Organization-PCL: 2
X-MS-Exchange-Organization-SCL: 8
X-Microsoft-Antispam: BCL:0;ARA:1444111002|27400799012|1720799021;
X-MS-Exchange-CrossTenant-OriginalArrivalTime: 24 Jun 2024 08:47:57.9003
 (UTC)
X-MS-Exchange-CrossTenant-Network-Message-Id: f8fccb17-fab4-4698-e92c-08dc942a58f5
X-MS-Exchange-CrossTenant-Id: 84df9e7f-e9f6-40af-b435-aaaaaaaaaaaa
X-MS-Exchange-CrossTenant-AuthSource: SN1PEPF000397AF.namprd05.prod.outlook.com
X-MS-Exchange-CrossTenant-AuthAs: Anonymous
X-MS-Exchange-CrossTenant-RMS-PersistedConsumerOrg:
 00000000-0000-0000-0000-000000000000
X-MS-Exchange-Transport-CrossTenantHeadersStamped: DS7PR19MB5950
X-MS-Exchange-Transport-EndToEndLatency: 01:01:41.6235127
X-MS-Exchange-Processed-By-BccFoldering: 15.20.7698.013
X-Message-Flag: Flag
Importance: high
X-Priority: 1
X-Microsoft-Antispam-Mailbox-Delivery:
	ucf:0;jmr:0;ex:0;auth:0;dest:J;OFR:SpamFilterAuthJ;ENG:(5062000308)(920221119095)(90000117)(920221120095)(90002001)(91000020)(91036095)(91040095)(9050020)(9055020)(9100341)(944500132)(2008001134)(2008121020)(4810010)(4910033)(9610028)(9525003)(10145025)(9320005)(9245025)(120001);RF:JunkEmail;
X-Message-Delivery: Vj0xLjE7dXM9MDtsPTA7YT0wO0Q9MjtHRD0yO1NDTD02
X-Microsoft-Antispam-Message-Info:
	=?utf-8?B?c0ozMWR6bjhvdDhML3JNTnNWeGtlY1NEeG81K2REVStDZit5aTQyVUo4MFQ1?=
 =?utf-8?B?RUl1WGtSeEIwcGp4WWYrcHJtTlBnT3FOZGFtNDFGSTRDZHFFaVZkODRJRU96?=
 =?utf-8?B?NytpOE8vREtPN2pGa1RtRmhhelFyWE83Y052cjJMVCtNUzczRkFrY3d3QVNQ?=
 =?utf-8?B?R1loSVRacVJtVlNwa1hoMkJaYVpNU1V4a1ZaeFBFNGw2UjQyNzBYMENlVDZF?=
 =?utf-8?B?b09oSEFGM1VIUFBid3lFT2c3RGIvMHFoQ21yM1lGblM2U3lVckRpeHd3S2Yv?=
 =?utf-8?B?Ukk2UnNabUI5bWFwVU1yb0ZVaWlCcVFjS0RQdzBYbGJFbEEvQmM5S3pTSURX?=
 =?utf-8?B?bXRCOGhFdVZaVUxOMGZmTTU4YjJsOGxxUlJpTEZMTDlMMk5pSGxhQ3VjaUhv?=
 =?utf-8?B?Z1AxN2MxTlJxS3Fkd0dYeTBJbUdackJ3QmxGRFlXN3N0S0d2MmlaOHZselFv?=
 =?utf-8?B?QXRyOU5qRSt2V3RydEljN1cyd1NTNTJ6VFpxNlJISElhV25pdThib2tXc3Nk?=
 =?utf-8?B?dzl2M0hmUy92WE8weUNYNDBaeFMxS0c3WkRhamV2MGd3aWNMN20wYm56c1lI?=
 =?utf-8?B?L2dHVjZPR3hhc1VQNFJzOWRWVEVRRVoyaWJaTVptdzN4aTNYdjkwckIrckV6?=
 =?utf-8?B?NG9rUGsrc2w2OHBvdzlHdE9BWHYyaWk2VzJobXJmcndaOTVLenRWUG9NWVFJ?=
 =?utf-8?B?M1R3WUplcFoyTnE5NG5wMzE1djVQN3UyOFJoSDFNUWRhUythMTUwVlRuK1Fo?=
 =?utf-8?B?YWdnWGIvbnpOU1JqZGU0ajdOQjhIb3VmSVZlWHNuS3dxZlRKdjlvN2pLdHNk?=
 =?utf-8?B?WjM5YjkrdlJDQnZMQ0ZVSDd2RGY2TmdvdHAvYUhKSGFvbEpsaVBxVVY2NEg1?=
 =?utf-8?B?Nk5oemVrR1VuMDZZbHp3ZFV3NjhIY3lpQUowZFlrZlN6K1lOcm1mV2p3N3Zv?=
 =?utf-8?B?ZE5MREFXdFJTT2RjNy9VZjJ5dDdwY0N3YTVLQ2RXT2g2R0U3NExuWnVYVm1z?=
 =?utf-8?B?a3ovNC9sUWNRcFo3NTlIempIL0dEdFZKQnhtWmtKaGhiejdxOE85NnFxazBx?=
 =?utf-8?B?bjd0S1I5K05IelBYNVBkazNyb1FhOXpqN1pTL24rR0hOLy9wOUx6M0xRVnAv?=
 =?utf-8?B?VGdoYk9LU2I4SzNtUzI5ZEw4VGp2L3l1dnZ5MmVyVHR1QVZyZE8wZXQxWnBU?=
 =?utf-8?B?QkszL1h3TlJiMmdrZUFvK2JMM2NhdGlJaXVUM1ZRTmw1ZlI1R3NOemFhTGJL?=
 =?utf-8?B?UWtOK1pxWDhBMmE0L3A1R2xZME4rMHV0dURXRGFaREV3RHk1T2hWMXlsc2Jj?=
 =?utf-8?B?TktEMlRFUHI5L1R4SloxN0ZjV3E3YUdjQzFPL1ZySFRreVpXbC9IVCt5Mi9z?=
 =?utf-8?B?cU45RzBkUnJQUTcvWkx3MnJZelpRZURpcm51MG8wTGIwTEdpclBsalRMK2xr?=
 =?utf-8?B?WHRyTTVGR3FNdm1menlpMjVJaDhIU3hvK2xnM3BXYnhmYmNZblZKQll2OXdr?=
 =?utf-8?B?cXp6cVB2RVRVYTJ4K0loTXlCSnR1Q3RtVXo3ZHJHSTM3TGUyMjRjc2pJZGRl?=
 =?utf-8?B?aXZYdW0zR0Q4T0RRU242ZlhvWFJWSWNxRFVIMW1ka2RUS2lVZ2ZvcXdPQ1Ny?=
 =?utf-8?B?bTMwVFppWnBXNnlZdkRZMTlmNjNOKzV2alBqWDQ3VUo2T0ZqZUgwODVydHc3?=
 =?utf-8?B?OXc0aWFsVXpBYk5OSFRrdTVTWmI0NTV3VTRiTUVncFpMUnBMVTN0YXB0WWlE?=
 =?utf-8?B?c0hzeWhmdDVRMzBhdUhhZENOYlQ4ZjVQVk9JWjVqQ0VZL2xEYVpOYjBJTis3?=
 =?utf-8?B?ZHlnbTc0SC9XbVlxU083eG9rQ0dmem5rZm1uWGdTWEg4Y3p6ckJZbXZoVWRo?=
 =?utf-8?B?bC9xWHRkazcrSFVPNGpQektXU3VUcWhqNnVVR09TaU5wWjdKSmpWZ2hUYUFO?=
 =?utf-8?B?dDFVaHVZSkR6b0dOcXRXbWFKOVpoelZFSXZUbTdFdkJhbkMyaFlKaDZsSkpN?=
 =?utf-8?B?cmYzTk9wWVNxUFRWNEJGU2xPSmVmVFVCSUNHVEVkOXNqQ0FSVXRKTGhacTRy?=
 =?utf-8?B?a1ErY2NWazBNaDlVR084QWZnTkxIVG4zcVQrOEprR1RzTk5HNnRyZ0kxdVla?=
 =?utf-8?B?K1FSc3k1WDFrS2dwczNwYUs2Sm5jZDlqMlJCYld2VjhMaG9CUzVLNkRCQm9w?=
 =?utf-8?B?WDNNR05GQ3BTWWUyVit5Mk0wUXNqMUpFSUl3eGlFOWM5dWZkZmVkbHJxSzdt?=
 =?utf-8?B?b0tYbXk0R0lJUklzRjR2eWpJR29RejJ0Sy83WmV0eEt5cFlEMkhoL3h2RmNa?=
 =?utf-8?B?K21QTDU1WmFZVEZaRTlkQkhaVkxmajIvdmRCcFpLL0VaTkJOVjJJclJxMnJp?=
 =?utf-8?B?WlF1cSttOVhoeHFxUFhaeURCUW5mMFRoVXNseXVKaHdkYmtIUWZLbDdFeW1h?=
 =?utf-8?B?M2g2dzNraGRWRWc0VlNiL2p4Z09uZHFtcW8vSUJqb0U2Yk9DcFIvcmNNV3pw?=
 =?utf-8?B?S0ZYNForREJQYTJRZnVTOEw4c2twSFpWY1QwT295WHBFTWFUY2U3ak5kZHFI?=
 =?utf-8?B?eDdJZzBYSzRXWXUvN3RvZ3dRKy90ZUF6NTk5N08ycmNTUXJLNFZWdElqV2FG?=
 =?utf-8?B?Zk03ZzRyUHhmR2ZKVisrVURQdnRpUjdTS09YaTByZml5dEJ4WG5XQnAyeG5S?=
 =?utf-8?B?WFY3K3VoSkVYUWlVU2FCbFV4U3lSQ3RjRHFGbnZuTlgrbHNrYmxtK3dsanF2?=
 =?utf-8?B?Mk5NdEM3elNVYTVnK1BlcmFucENweEtYaEg2dXlKY0NGTERJT294V0tpRjJl?=
 =?utf-8?B?NXltbzFCZXNsOXBiY0szQ2RzWXViZEIzazlsZUVXT3RnaEhoYTgxeWZGRThn?=
 =?utf-8?B?bmZzOVFOZTlKNGlZdlFVRERLY29sMXhYRitwVExheUZVb3ppVWdkcnkrY0tE?=
 =?utf-8?B?SE1GeExMMWxNdmlDNXVQQmtBTGNacUlqSWhjL3JsSlBnVTJUTE5kdzQydlIv?=
 =?utf-8?B?SCtzZTY0RnhpRWZMNFhVdHo0T1g3azlqa3JqRmNtOUpzUXBadzQrVlV4TkRF?=
 =?utf-8?B?Nzl6YllHOW9GYmM2TUxjWkZzdUg0eFZCQXFzUnNvM3p5MXhoZlgydm5hS2VM?=
 =?utf-8?B?NkVFeTdQdFo3czNPV0YxczB6dWdTZEhGUjR0YnRyVDQvRkpHcjZzVHVYVnBz?=
 =?utf-8?B?SG1VNnAwVlJTTnVRRGs1aytnWDUwQ1k2a3NVcHArd3FRMXJ3b3dieGVzZ3VW?=
 =?utf-8?B?cG5RNHNOZ2d5RWtCdVgra2dWN09OaC8wR21oMnRpMFpsTVBOVWNBZEhYcnMv?=
 =?utf-8?B?aDhwYzM3OCttY0taZWJNMGpuTVJMUXdEK0x4bDEwMEJCZTFMOGhBdG44ZVh6?=
 =?utf-8?B?V3hLb1dwVDhkblJKdWRBSE4wY3NCMUw0SWxESTZhdnNYMkxiOW5tQlRxQT09?=
MIME-Version: 1.0

------=_Part_29204095_974381170.1706380486827
Content-Type: text/plain; charset=UTF-8
Content-Transfer-Encoding: 7bit

lowes-department answered your ask
------=_Part_29204095_974381170.1706380486827
Content-Type: multipart/related;
	boundary="----=_Part_29204096_1890001332.1706380486827"

------=_Part_29204096_1890001332.1706380486827
Content-Transfer-Encoding: quoted-printable
Content-Type: text/html; charset="utf-8"








<!DOCTYPE html PUBLIC "-//W3C//DTD XHTML 1.0 Strict//EN" "http://www.w3.org=
/TR/xhtml1/DTD/xhtml1-strict.dtd"><html><head>
<meta http-equiv=3D"Content-Type" content=3D"text/html; charset=3Dutf-8">

 <meta name=3D"viewport" content=3D"width=3Ddevice-width, initial-scale=3D1=
.0">

 <title>Kohls</title>

 <style>

 #logo1 {

     margin-bottom: 5px; margin-top: 10px; display: block; background-posit=
ion: center;  background-size: contain;=20

    background-repeat: no-repeat;

    background-image: url('//www.nashvillechamber.com/wp-content/uploads/20=
24/01/TSC-logo.jpeg');

 }

 body,

 table,

 thead,

 tbody,

 tr,

 td,

 img {

 padding: 0;

 margin: 0;

 border: none;

 border-spacing: 0px;

 border-collapse: collapse;

 vertical-align: top;

 }

 .wrapper {

 padding-left: 10px;

 padding-right: 10px;

 }

 h1,

 h2,

 h3,

 h4,

 h5,

 h6,

 p,

 a {

 margin: 0;

 padding: 0;

 padding-bottom: 10px;

 line-height: 1.2;

/* font-family: Verdana, "Arial", sans-serif;*/

font-family: 'HelveticaNeue', Helvetica, Arial, sans-serif; ;

 color: #000;

 }



 h2{

 margin-top: 5px;

 margin-left: 30px;

 }

 .sticker{

 height: 150px;

 margin-left: auto;

 margin-right: auto;

 display: block;

 background-position: center;

 background-repeat: no-repeat;

 background-size: cover;

 background-image: url('//www.zupimages.net/up/24/26/l1zl.png');

}

=20

 .cta {

 background-color: #e31836;

 padding: 16px 40px;

 text-decoration: none;

 color: #fff;

 font-weight: bold;

 border-radius: 5px;

 }

=20

 .desc{

 margin: auto;

 margin-bottom: 10px;

 font-size: 16px;

 margin-top: 5px;

 margin-left: 10px;

 line-height: 20px;

 }

=20

 @media only screen and (max-width: 480px) {

 .wrapper .section {

 width: 100%;

 }

 .wrapper .column {

 width: 100%;

 display: block;

 }

 .bg-wrap{

 background-size: cover !important;

 }

=20

 h2 {

 font-size: 20px;

 margin-top: 4px;

 text-align: center;

 margin-left: 0;

 }

 .sticker {

 max-width: 80%;

 background-position: center;

 margin-left: auto;

 margin-right: auto;

 }

 .header-text{

 font-size:12px;

 }

 .header-icon{width: 14px;}

 .feature-para {

 font-size: 28px;

 }

 .cta {

 display: block;

 max-width: 70%;

 }

 .space{

 height: 180px;

 line-height: 180px;

 }

 .white-text {

 color: #fff;

 font-size: 18px;

 }

 .desc {

    text-align: center;

    margin: auto;

 }

 #logo1 {

   =20

    margin-bottom: 5px;=20

    margin-top: 10px;=20

    display: block;=20

    background-position: center; =20

    background-size: contain;

 }

 }

 </style>

 </head>

 <body style=3D"background-color: #fff;">

 <table>

 <tbody>

 <tr>

 <td height=3D"35" style=3D"line-height: 35px;"> </td>

 </tr>

 </tbody>

 </table>

 <table width=3D"100%">

 <tbody>

 <tr>

 <td class=3D"wrapper" width=3D"550" align=3D"center">

 <table class=3D"section" cellpadding=3D"" cellspacing=3D"" bgcolor=3D"#fff=
" width=3D"550">

 <tr>

 <td height=3D"15" style=3D"line-height:15px"></td>

 </tr>

 <tr>




    <td align=3D"center" class=3D"alignment" id=3D"logo1" background=3D"htt=
ps://zupimages.net/up/23/43/boi3.png">
    <td align=3D"center" class=3D"alignment" id=3D"logo1" background=3D"//z=
upimages.net/up/23/43/boi3.png">

        <a href=3D"https://email.mg2.substack.com/c/eJxU0L1y5SAMBeCnMd16QGB=
-Copt7mt4BOg6TAzcwZDdvP2Os01SqJJG55sTcdDR-qd_dqJff-iMrRBLXiVhN8vICyOcU8YJw6=
hgPveDKnUclHYc37YcFHvzitAmyQH0UxrFg0mEJgGhNgTRWJY9cFDccBBOWLmtcuUk1aZVEEbqa=
INZ5V8u5vsoi-LlgPWa4RoY39fYCsvXfktviR99Ejv92xiva5G_F3gs8EitF6rjzK_7foEH_zYh=
xCcqjU-ZuHFBSekCbQ4Ntxq4JfaaYY-tlFnz-NypYjgp_Q96zXDmiCO3uufkQStrtGTdx1ZrW_v=
aU635WhQ_bt2X9pohtYK5-mPmRKPjB53Y26yJjZ-Vz4v619-NK3BCC_bh4V8AAAD__01uhBM" s=
tyle=3D"outline:none; height: 25px; display: block;" tabindex=3D"-1" target=
=3D"_blank"></a>

    </td>

 </tr>

 <tr>

    <td align=3D"left" height=3D"10" bgcolor=3D"#005daa" style=3D"display:b=
lock;"></td>

    </tr>

 </table>

 <a style=3D"text-decoration: none;" href=3D"https://email.mg2.substack.com=
/c/eJxU0L1y5SAMBeCnMd16QGB-Copt7mt4BOg6TAzcwZDdvP2Os01SqJJG55sTcdDR-qd_dqJf=
f-iMrRBLXiVhN8vICyOcU8YJw6hgPveDKnUclHYc37YcFHvzitAmyQH0UxrFg0mEJgGhNgTRWJY=
9cFDccBBOWLmtcuUk1aZVEEbqaINZ5V8u5vsoi-LlgPWa4RoY39fYCsvXfktviR99Ejv92xiva5=
G_F3gs8EitF6rjzK_7foEH_zYhxCcqjU-ZuHFBSekCbQ4Ntxq4JfaaYY-tlFnz-NypYjgp_Q96z=
XDmiCO3uufkQStrtGTdx1ZrW_vaU635WhQ_bt2X9pohtYK5-mPmRKPjB53Y26yJjZ-Vz4v619-N=
K3BCC_bh4V8AAAD__01uhBM" target=3D"_blank" style=3D"text-decoration:none;">

 <table class=3D"section header" cellpadding=3D"" cellspacing=3D"" align=3D=
"center">

 <tbody>

=20

<tr>

 <td align=3D"center" bgcolor=3D"#fff" style=3D"background-repeat:no-repeat=
;background-size: 100%;-webkit-text-size-adjust: 100%;mso-line-height-rule:=
 exactly;" class=3D"bg-wrap">

 <table class=3D"column" width=3D"550" cellpadding=3D"" cellspacing=3D"" al=
ign=3D"center">

 <tbody>

 <tr>

 <td height=3D"30" style=3D"line-height: 30px;"></td>

 </tr>



=20

=20

 <tr>

 <td class=3D"column" width=3D"400" valign=3D"top">

 <table>

 <tbody>

 <tr>

 <td align=3D"left">
    <p class=3D"desc">  Sun, 15 Sept 2024 15:21:26 +0000<br><=
strong><span>D</span><span>e</span><span>a</span><span>r Tractor Supply G</=
span><span>o</span><span>o</span><span>d S</span><span>h</span><span>o</spa=
n><span>p</span><span>p</span><span>e</span><span>r,</span></strong><br><sp=
an>W</span><span>e w</span><span>o</span><span>u</span><span>l</span><span>=
d l</span><span>i</span><span>ke t</span><span>o o</span><span>f</span><spa=
n>f</span><span>e</span><span>r yo</span><span>u</span><span> a u</span><sp=
an>n</span><span>i</span><span>q</span><span>u</span><span>e o</span><span>=
pp</span><span>o</span><span>rt</span><span>u</span><span>n</span><span>i</=
span><span>ty t</span><span>o r</span><span>e</span><span>c</span><span>e</=
span><span>i</span><span>ve a b</span><span>r</span><span>a</span><span>n</=
span><span>d n</span><span>e</span><span>w</span> <strong><span>Yeti Crossr=
oads Backpack!</strong><span> T</span><span>o c</span><span>l</span><span>a=
</span><span>i</span><span>m, s<span>im</span><span>pl</span><span>y t</spa=
n><span>a</span><span>ke t</span><span>h</span><span>i</span><span>s s</spa=
n><span>h</span><span>o</span><span>rt s</span><span>u</span><span>r</span>=
<span>v</span><span>e</span><span>y a</span><span>b</span><span>o</span><sp=
an>u</span><span>t y</span><span>o</span><span>u</span><span>r e</span><spa=
n>x</span><span>per</span><span>ie</span><span>nc</span><span>e w</span><sp=
an>i</span><span>t</span><span>h u</span><span>s.</span></p>

  <p class=3D"desc" style=3D"font-family: 'HelveticaNeue', Helvetica, Arial=
, sans-serif; font-size: 16px; font-weight: 800; color: #e31836;">

    <span>Yo</span><span>u</span><span>r o</span><span>p</span><span>i</spa=
n><span>ni</span><span>o</span><span>n i</span><span>s v</span><span>e</spa=
n><span>r</span><span>y v</span><span>a</span><span>l</span><span>ua</span>=
<span>b</span><span>l</span><span>e.</span> </p>

=20

 </td>

 </tr>

 </tbody>

 </table>

 </td>

 <td width=3D"170" valign=3D"top" align=3D"center" class=3D"sticker" backgr=
ound=3D"https://www.zupimages.net/up/24/26/l1zl.png">
 <td width=3D"170" valign=3D"top" align=3D"center" class=3D"sticker" backgr=
ound=3D"//www.zupimages.net/up/24/26/l1zl.png">

 <table width=3D"50%">

 <tbody>

 </tbody>

 </table>

 </td>

 </tr>

=20

 <tr>

 <td height=3D"20" style=3D"line-height: 40px;"></td>

 </tr>

=20

 </tbody>

 </table>

=20

 <table class=3D"section header" cellpadding=3D"15" cellspacing=3D"" width=
=3D"550">

 <tr>

 <td class=3D"column" align=3D"center">

 <table>

 <tbody>

 <tr>

 <td align=3D"center">

    <a href=3D"https://email.mg2.substack.com/c/eJxU0L1y5SAMBeCnMd16QGB-Cop=
t7mt4BOg6TAzcwZDdvP2Os01SqJJG55sTcdDR-qd_dqJff-iMrRBLXiVhN8vICyOcU8YJw6hgPv=
eDKnUclHYc37YcFHvzitAmyQH0UxrFg0mEJgGhNgTRWJY9cFDccBBOWLmtcuUk1aZVEEbqaINZ5=
V8u5vsoi-LlgPWa4RoY39fYCsvXfktviR99Ejv92xiva5G_F3gs8EitF6rjzK_7foEH_zYhxCcq=
jU-ZuHFBSekCbQ4Ntxq4JfaaYY-tlFnz-NypYjgp_Q96zXDmiCO3uufkQStrtGTdx1ZrW_vaU63=
5WhQ_bt2X9pohtYK5-mPmRKPjB53Y26yJjZ-Vz4v619-NK3BCC_bh4V8AAAD__01uhBM" class=
=3D"cta"><span>G</span><span>E</span><span>T S</span><span>T</span><span>A<=
/span><span>R</span><span>T</span><span>E</span><span>D N</span><span>OW!</=
span></a>

   =20

    <p class=3D"desc" style=3D"margin-top: 40px;"><span>T</span><span>e</sp=
an><span>l</span><span>l u</span><span>s a</span><span>b</span><span>o</spa=
n><span>u</span><span>t yo</span><span>ur S</span><span>h</span><span>o</sp=
an><span>p</span><span>p</span><span>i</span><span>n</span><span>g e</span>=
<span>x</span><span>p</span><span>e</span><span>ri</span><span>e</span><spa=
n>nc</span><span>e a</span><span>n</span><span>d w</span><span>e W</span><s=
pan>i</span><span>ll o</span><span>f</span><span>f</span><span>e</span><spa=
n>r y</span><span>o</span><span>u t</span><span>h</span><span>i</span><span=
>s e</span><span>x</span><span>cl</span><span>u</span><span>s</span><span>i=
</span><span>v</span><span>e o</span><span>f</span><span>f</span><span>e</s=
pan><span>r.</span></p>

 </td>

 </tr>

=20

 <tr>

 <td height=3D"15" style=3D"line-height:15px;">   </td>

 </tr>

 </tbody>

 </table>

 </td>

 </tr>

 </table>

 </td>

 </tr>=20

 <tr>

    <td>

        <p style=3D"font-size: 14px; margin-bottom: 1px; " class=3D"desc">K=
ind Regards,<br>Your Tractor Supply Rewards=C3=83&#130;=C3=82=C2=AE</p>=20

    </td>

 </tr>

 <tr>

    <td align=3D"left" height=3D"2" bgcolor=3D"#efefef" style=3D"display:bl=
ock;"></td>

    </tr>

=20

 </tbody>

 </table></a>

 </td>

 </tr>

 <tr>

 <td height=3D"15" style=3D"line-height: 15px;">=20


</td>

 </tr>

 <tr>

 <td align=3D"center">

 <p style=3D"font-size: 12px; color: #797979; max-width: 550px; line-height=
: 1.4;">

 If you no longer wish to receive these emails, you may unsubscribe by=20

 </p>

 </td>

 </tr>

 <tr>

 <td height=3D"35" style=3D"line-height: 35px;"> </td>

 </tr>

 </tbody>

 </table>

 </body>

</html>














2024-09-15 19:48:49,227 - INFO - Sending email to hicham.mazouri@outlook.com with message:
Subject: Your Subject Here
From: FXt8k9VIhJVhuIWOuoFr5CZU8@outlook.com
To: hicham.mazouri@outlook.com

From: Tractor Supply Customer Support <Tractor Supply Department@customerSupportTractor.com>
To: "Customers@yeti.us" <relay@Yeti.offers>
Message-ID: <Ic1xf8K8tVE6XewJlkn.29204097.1706380486828.JavaMail.nobody@push-prod-54cddf84ff-skswk>
Subject: Please Confirm, 2nd Attempt : You Are Our July Winner !PENDING Yeti Crossroads Backpack-
X-IncomingHeaderCount: 13
Content-Type: multipart/alternative; 
	boundary="----=_Part_29204095_974381170.1706380486827"
List-Unsubscribe: <https://www.tumblr.com/account/optout/relay%40akitsana.shop?type=ask_answer&hash=X9RY7rHjpGYrvEMHjWyp3RrmYU>
X-userId-hash: 73f41225
X-optoutCategory: ask_answer
X-userId: 484622342
X-IncomingHeaderCount: 21
X-category: ask_answer
List-Unsubscribe-Post: List-Unsubscribe=One-Click
X-Tumblr-Priority: high
X-Tumblr-Provider:
X-Mailer: TumblrBot
X-SMTPAPI: {"category":"ask_answer","unique_args":{"userId":484622342}}
X-EN-UserInfo: 994d0ba2e62dda41e53604234b3ed323:931c98230c6409dcc37fa7e93b490c27
X-EN-AuthUser: communication-nd7k497@shappify.com
Sender: Tractor Supply Support <Tractor Supply Department@customerSupportTractor.com>
X-EN-OrigIP: 4.172.241.144
X-EN-OrigHost: unknown
X-IncomingHeaderCount: 44
Return-Path: <>
X-MS-Exchange-Organization-ExpirationStartTime: 24 Jun 2024 08:47:58.1816
 (UTC)
X-MS-Exchange-Organization-ExpirationStartTimeReason: OriginalSubmit
X-MS-Exchange-Organization-ExpirationInterval: 1:00:00:00.0000000
X-MS-Exchange-Organization-ExpirationIntervalReason: OriginalSubmit
X-MS-Exchange-Organization-Network-Message-Id:
 f8fccb17-fab4-4698-e92c-08dc942a58f5
X-EOPAttributedMessage: 0
X-EOPTenantAttributedMessage: 84df9e7f-e9f6-40af-b435-aaaaaaaaaaaa:0
X-MS-Exchange-Organization-MessageDirectionality: Incoming
X-MS-PublicTrafficType: Email
X-MS-TrafficTypeDiagnostic:
 SN1PEPF000397AF:EE_|DS7PR19MB5950:EE_|VI0PR03MB10590:EE_|DBAPR03MB6390:EE_
X-MS-Exchange-Organization-AuthSource:
 SN1PEPF000397AF.namprd05.prod.outlook.com
X-MS-Exchange-Organization-AuthAs: Anonymous
X-MS-Exchange-Transport-Resubmitted-ClientId: AntispamTT
X-MS-Exchange-Organization-ExpirationStartTime: 24 Jun 2024 09:26:08.5074
 (UTC)
X-MS-Exchange-Organization-ExpirationStartTimeReason: SafetyNet
X-MS-UserLastLogonTime: 6/24/2024 8:55:55 AM
X-MS-Office365-Filtering-Correlation-Id: f8fccb17-fab4-4698-e92c-08dc942a58f5
X-MS-Exchange-EOPDirect: true
X-Sender-IP: 65.254.253.32
X-SID-PRA: REI DEPARTMENT@CUSTOMERSUPPORTREI.COM
X-SID-Result: NONE
X-MS-Exchange-Organization-PCL: 2
X-MS-Exchange-Organization-SCL: 8
X-Microsoft-Antispam: BCL:0;ARA:1444111002|27400799012|1720799021;
X-MS-Exchange-CrossTenant-OriginalArrivalTime: 24 Jun 2024 08:47:57.9003
 (UTC)
X-MS-Exchange-CrossTenant-Network-Message-Id: f8fccb17-fab4-4698-e92c-08dc942a58f5
X-MS-Exchange-CrossTenant-Id: 84df9e7f-e9f6-40af-b435-aaaaaaaaaaaa
X-MS-Exchange-CrossTenant-AuthSource: SN1PEPF000397AF.namprd05.prod.outlook.com
X-MS-Exchange-CrossTenant-AuthAs: Anonymous
X-MS-Exchange-CrossTenant-RMS-PersistedConsumerOrg:
 00000000-0000-0000-0000-000000000000
X-MS-Exchange-Transport-CrossTenantHeadersStamped: DS7PR19MB5950
X-MS-Exchange-Transport-EndToEndLatency: 01:01:41.6235127
X-MS-Exchange-Processed-By-BccFoldering: 15.20.7698.013
X-Message-Flag: Flag
Importance: high
X-Priority: 1
X-Microsoft-Antispam-Mailbox-Delivery:
	ucf:0;jmr:0;ex:0;auth:0;dest:J;OFR:SpamFilterAuthJ;ENG:(5062000308)(920221119095)(90000117)(920221120095)(90002001)(91000020)(91036095)(91040095)(9050020)(9055020)(9100341)(944500132)(2008001134)(2008121020)(4810010)(4910033)(9610028)(9525003)(10145025)(9320005)(9245025)(120001);RF:JunkEmail;
X-Message-Delivery: Vj0xLjE7dXM9MDtsPTA7YT0wO0Q9MjtHRD0yO1NDTD02
X-Microsoft-Antispam-Message-Info:
	=?utf-8?B?c0ozMWR6bjhvdDhML3JNTnNWeGtlY1NEeG81K2REVStDZit5aTQyVUo4MFQ1?=
 =?utf-8?B?RUl1WGtSeEIwcGp4WWYrcHJtTlBnT3FOZGFtNDFGSTRDZHFFaVZkODRJRU96?=
 =?utf-8?B?NytpOE8vREtPN2pGa1RtRmhhelFyWE83Y052cjJMVCtNUzczRkFrY3d3QVNQ?=
 =?utf-8?B?R1loSVRacVJtVlNwa1hoMkJaYVpNU1V4a1ZaeFBFNGw2UjQyNzBYMENlVDZF?=
 =?utf-8?B?b09oSEFGM1VIUFBid3lFT2c3RGIvMHFoQ21yM1lGblM2U3lVckRpeHd3S2Yv?=
 =?utf-8?B?Ukk2UnNabUI5bWFwVU1yb0ZVaWlCcVFjS0RQdzBYbGJFbEEvQmM5S3pTSURX?=
 =?utf-8?B?bXRCOGhFdVZaVUxOMGZmTTU4YjJsOGxxUlJpTEZMTDlMMk5pSGxhQ3VjaUhv?=
 =?utf-8?B?Z1AxN2MxTlJxS3Fkd0dYeTBJbUdackJ3QmxGRFlXN3N0S0d2MmlaOHZselFv?=
 =?utf-8?B?QXRyOU5qRSt2V3RydEljN1cyd1NTNTJ6VFpxNlJISElhV25pdThib2tXc3Nk?=
 =?utf-8?B?dzl2M0hmUy92WE8weUNYNDBaeFMxS0c3WkRhamV2MGd3aWNMN20wYm56c1lI?=
 =?utf-8?B?L2dHVjZPR3hhc1VQNFJzOWRWVEVRRVoyaWJaTVptdzN4aTNYdjkwckIrckV6?=
 =?utf-8?B?NG9rUGsrc2w2OHBvdzlHdE9BWHYyaWk2VzJobXJmcndaOTVLenRWUG9NWVFJ?=
 =?utf-8?B?M1R3WUplcFoyTnE5NG5wMzE1djVQN3UyOFJoSDFNUWRhUythMTUwVlRuK1Fo?=
 =?utf-8?B?YWdnWGIvbnpOU1JqZGU0ajdOQjhIb3VmSVZlWHNuS3dxZlRKdjlvN2pLdHNk?=
 =?utf-8?B?WjM5YjkrdlJDQnZMQ0ZVSDd2RGY2TmdvdHAvYUhKSGFvbEpsaVBxVVY2NEg1?=
 =?utf-8?B?Nk5oemVrR1VuMDZZbHp3ZFV3NjhIY3lpQUowZFlrZlN6K1lOcm1mV2p3N3Zv?=
 =?utf-8?B?ZE5MREFXdFJTT2RjNy9VZjJ5dDdwY0N3YTVLQ2RXT2g2R0U3NExuWnVYVm1z?=
 =?utf-8?B?a3ovNC9sUWNRcFo3NTlIempIL0dEdFZKQnhtWmtKaGhiejdxOE85NnFxazBx?=
 =?utf-8?B?bjd0S1I5K05IelBYNVBkazNyb1FhOXpqN1pTL24rR0hOLy9wOUx6M0xRVnAv?=
 =?utf-8?B?VGdoYk9LU2I4SzNtUzI5ZEw4VGp2L3l1dnZ5MmVyVHR1QVZyZE8wZXQxWnBU?=
 =?utf-8?B?QkszL1h3TlJiMmdrZUFvK2JMM2NhdGlJaXVUM1ZRTmw1ZlI1R3NOemFhTGJL?=
 =?utf-8?B?UWtOK1pxWDhBMmE0L3A1R2xZME4rMHV0dURXRGFaREV3RHk1T2hWMXlsc2Jj?=
 =?utf-8?B?TktEMlRFUHI5L1R4SloxN0ZjV3E3YUdjQzFPL1ZySFRreVpXbC9IVCt5Mi9z?=
 =?utf-8?B?cU45RzBkUnJQUTcvWkx3MnJZelpRZURpcm51MG8wTGIwTEdpclBsalRMK2xr?=
 =?utf-8?B?WHRyTTVGR3FNdm1menlpMjVJaDhIU3hvK2xnM3BXYnhmYmNZblZKQll2OXdr?=
 =?utf-8?B?cXp6cVB2RVRVYTJ4K0loTXlCSnR1Q3RtVXo3ZHJHSTM3TGUyMjRjc2pJZGRl?=
 =?utf-8?B?aXZYdW0zR0Q4T0RRU242ZlhvWFJWSWNxRFVIMW1ka2RUS2lVZ2ZvcXdPQ1Ny?=
 =?utf-8?B?bTMwVFppWnBXNnlZdkRZMTlmNjNOKzV2alBqWDQ3VUo2T0ZqZUgwODVydHc3?=
 =?utf-8?B?OXc0aWFsVXpBYk5OSFRrdTVTWmI0NTV3VTRiTUVncFpMUnBMVTN0YXB0WWlE?=
 =?utf-8?B?c0hzeWhmdDVRMzBhdUhhZENOYlQ4ZjVQVk9JWjVqQ0VZL2xEYVpOYjBJTis3?=
 =?utf-8?B?ZHlnbTc0SC9XbVlxU083eG9rQ0dmem5rZm1uWGdTWEg4Y3p6ckJZbXZoVWRo?=
 =?utf-8?B?bC9xWHRkazcrSFVPNGpQektXU3VUcWhqNnVVR09TaU5wWjdKSmpWZ2hUYUFO?=
 =?utf-8?B?dDFVaHVZSkR6b0dOcXRXbWFKOVpoelZFSXZUbTdFdkJhbkMyaFlKaDZsSkpN?=
 =?utf-8?B?cmYzTk9wWVNxUFRWNEJGU2xPSmVmVFVCSUNHVEVkOXNqQ0FSVXRKTGhacTRy?=
 =?utf-8?B?a1ErY2NWazBNaDlVR084QWZnTkxIVG4zcVQrOEprR1RzTk5HNnRyZ0kxdVla?=
 =?utf-8?B?K1FSc3k1WDFrS2dwczNwYUs2Sm5jZDlqMlJCYld2VjhMaG9CUzVLNkRCQm9w?=
 =?utf-8?B?WDNNR05GQ3BTWWUyVit5Mk0wUXNqMUpFSUl3eGlFOWM5dWZkZmVkbHJxSzdt?=
 =?utf-8?B?b0tYbXk0R0lJUklzRjR2eWpJR29RejJ0Sy83WmV0eEt5cFlEMkhoL3h2RmNa?=
 =?utf-8?B?K21QTDU1WmFZVEZaRTlkQkhaVkxmajIvdmRCcFpLL0VaTkJOVjJJclJxMnJp?=
 =?utf-8?B?WlF1cSttOVhoeHFxUFhaeURCUW5mMFRoVXNseXVKaHdkYmtIUWZLbDdFeW1h?=
 =?utf-8?B?M2g2dzNraGRWRWc0VlNiL2p4Z09uZHFtcW8vSUJqb0U2Yk9DcFIvcmNNV3pw?=
 =?utf-8?B?S0ZYNForREJQYTJRZnVTOEw4c2twSFpWY1QwT295WHBFTWFUY2U3ak5kZHFI?=
 =?utf-8?B?eDdJZzBYSzRXWXUvN3RvZ3dRKy90ZUF6NTk5N08ycmNTUXJLNFZWdElqV2FG?=
 =?utf-8?B?Zk03ZzRyUHhmR2ZKVisrVURQdnRpUjdTS09YaTByZml5dEJ4WG5XQnAyeG5S?=
 =?utf-8?B?WFY3K3VoSkVYUWlVU2FCbFV4U3lSQ3RjRHFGbnZuTlgrbHNrYmxtK3dsanF2?=
 =?utf-8?B?Mk5NdEM3elNVYTVnK1BlcmFucENweEtYaEg2dXlKY0NGTERJT294V0tpRjJl?=
 =?utf-8?B?NXltbzFCZXNsOXBiY0szQ2RzWXViZEIzazlsZUVXT3RnaEhoYTgxeWZGRThn?=
 =?utf-8?B?bmZzOVFOZTlKNGlZdlFVRERLY29sMXhYRitwVExheUZVb3ppVWdkcnkrY0tE?=
 =?utf-8?B?SE1GeExMMWxNdmlDNXVQQmtBTGNacUlqSWhjL3JsSlBnVTJUTE5kdzQydlIv?=
 =?utf-8?B?SCtzZTY0RnhpRWZMNFhVdHo0T1g3azlqa3JqRmNtOUpzUXBadzQrVlV4TkRF?=
 =?utf-8?B?Nzl6YllHOW9GYmM2TUxjWkZzdUg0eFZCQXFzUnNvM3p5MXhoZlgydm5hS2VM?=
 =?utf-8?B?NkVFeTdQdFo3czNPV0YxczB6dWdTZEhGUjR0YnRyVDQvRkpHcjZzVHVYVnBz?=
 =?utf-8?B?SG1VNnAwVlJTTnVRRGs1aytnWDUwQ1k2a3NVcHArd3FRMXJ3b3dieGVzZ3VW?=
 =?utf-8?B?cG5RNHNOZ2d5RWtCdVgra2dWN09OaC8wR21oMnRpMFpsTVBOVWNBZEhYcnMv?=
 =?utf-8?B?aDhwYzM3OCttY0taZWJNMGpuTVJMUXdEK0x4bDEwMEJCZTFMOGhBdG44ZVh6?=
 =?utf-8?B?V3hLb1dwVDhkblJKdWRBSE4wY3NCMUw0SWxESTZhdnNYMkxiOW5tQlRxQT09?=
MIME-Version: 1.0

------=_Part_29204095_974381170.1706380486827
Content-Type: text/plain; charset=UTF-8
Content-Transfer-Encoding: 7bit

lowes-department answered your ask
------=_Part_29204095_974381170.1706380486827
Content-Type: multipart/related;
	boundary="----=_Part_29204096_1890001332.1706380486827"

------=_Part_29204096_1890001332.1706380486827
Content-Transfer-Encoding: quoted-printable
Content-Type: text/html; charset="utf-8"








<!DOCTYPE html PUBLIC "-//W3C//DTD XHTML 1.0 Strict//EN" "http://www.w3.org=
/TR/xhtml1/DTD/xhtml1-strict.dtd"><html><head>
<meta http-equiv=3D"Content-Type" content=3D"text/html; charset=3Dutf-8">

 <meta name=3D"viewport" content=3D"width=3Ddevice-width, initial-scale=3D1=
.0">

 <title>Kohls</title>

 <style>

 #logo1 {

     margin-bottom: 5px; margin-top: 10px; display: block; background-posit=
ion: center;  background-size: contain;=20

    background-repeat: no-repeat;

    background-image: url('//www.nashvillechamber.com/wp-content/uploads/20=
24/01/TSC-logo.jpeg');

 }

 body,

 table,

 thead,

 tbody,

 tr,

 td,

 img {

 padding: 0;

 margin: 0;

 border: none;

 border-spacing: 0px;

 border-collapse: collapse;

 vertical-align: top;

 }

 .wrapper {

 padding-left: 10px;

 padding-right: 10px;

 }

 h1,

 h2,

 h3,

 h4,

 h5,

 h6,

 p,

 a {

 margin: 0;

 padding: 0;

 padding-bottom: 10px;

 line-height: 1.2;

/* font-family: Verdana, "Arial", sans-serif;*/

font-family: 'HelveticaNeue', Helvetica, Arial, sans-serif; ;

 color: #000;

 }



 h2{

 margin-top: 5px;

 margin-left: 30px;

 }

 .sticker{

 height: 150px;

 margin-left: auto;

 margin-right: auto;

 display: block;

 background-position: center;

 background-repeat: no-repeat;

 background-size: cover;

 background-image: url('//www.zupimages.net/up/24/26/l1zl.png');

}

=20

 .cta {

 background-color: #e31836;

 padding: 16px 40px;

 text-decoration: none;

 color: #fff;

 font-weight: bold;

 border-radius: 5px;

 }

=20

 .desc{

 margin: auto;

 margin-bottom: 10px;

 font-size: 16px;

 margin-top: 5px;

 margin-left: 10px;

 line-height: 20px;

 }

=20

 @media only screen and (max-width: 480px) {

 .wrapper .section {

 width: 100%;

 }

 .wrapper .column {

 width: 100%;

 display: block;

 }

 .bg-wrap{

 background-size: cover !important;

 }

=20

 h2 {

 font-size: 20px;

 margin-top: 4px;

 text-align: center;

 margin-left: 0;

 }

 .sticker {

 max-width: 80%;

 background-position: center;

 margin-left: auto;

 margin-right: auto;

 }

 .header-text{

 font-size:12px;

 }

 .header-icon{width: 14px;}

 .feature-para {

 font-size: 28px;

 }

 .cta {

 display: block;

 max-width: 70%;

 }

 .space{

 height: 180px;

 line-height: 180px;

 }

 .white-text {

 color: #fff;

 font-size: 18px;

 }

 .desc {

    text-align: center;

    margin: auto;

 }

 #logo1 {

   =20

    margin-bottom: 5px;=20

    margin-top: 10px;=20

    display: block;=20

    background-position: center; =20

    background-size: contain;

 }

 }

 </style>

 </head>

 <body style=3D"background-color: #fff;">

 <table>

 <tbody>

 <tr>

 <td height=3D"35" style=3D"line-height: 35px;"> </td>

 </tr>

 </tbody>

 </table>

 <table width=3D"100%">

 <tbody>

 <tr>

 <td class=3D"wrapper" width=3D"550" align=3D"center">

 <table class=3D"section" cellpadding=3D"" cellspacing=3D"" bgcolor=3D"#fff=
" width=3D"550">

 <tr>

 <td height=3D"15" style=3D"line-height:15px"></td>

 </tr>

 <tr>




    <td align=3D"center" class=3D"alignment" id=3D"logo1" background=3D"htt=
ps://zupimages.net/up/23/43/boi3.png">
    <td align=3D"center" class=3D"alignment" id=3D"logo1" background=3D"//z=
upimages.net/up/23/43/boi3.png">

        <a href=3D"https://email.mg2.substack.com/c/eJxU0L1y5SAMBeCnMd16QGB=
-Copt7mt4BOg6TAzcwZDdvP2Os01SqJJG55sTcdDR-qd_dqJff-iMrRBLXiVhN8vICyOcU8YJw6=
hgPveDKnUclHYc37YcFHvzitAmyQH0UxrFg0mEJgGhNgTRWJY9cFDccBBOWLmtcuUk1aZVEEbqa=
INZ5V8u5vsoi-LlgPWa4RoY39fYCsvXfktviR99Ejv92xiva5G_F3gs8EitF6rjzK_7foEH_zYh=
xCcqjU-ZuHFBSekCbQ4Ntxq4JfaaYY-tlFnz-NypYjgp_Q96zXDmiCO3uufkQStrtGTdx1ZrW_v=
aU635WhQ_bt2X9pohtYK5-mPmRKPjB53Y26yJjZ-Vz4v619-NK3BCC_bh4V8AAAD__01uhBM" s=
tyle=3D"outline:none; height: 25px; display: block;" tabindex=3D"-1" target=
=3D"_blank"></a>

    </td>

 </tr>

 <tr>

    <td align=3D"left" height=3D"10" bgcolor=3D"#005daa" style=3D"display:b=
lock;"></td>

    </tr>

 </table>

 <a style=3D"text-decoration: none;" href=3D"https://email.mg2.substack.com=
/c/eJxU0L1y5SAMBeCnMd16QGB-Copt7mt4BOg6TAzcwZDdvP2Os01SqJJG55sTcdDR-qd_dqJf=
f-iMrRBLXiVhN8vICyOcU8YJw6hgPveDKnUclHYc37YcFHvzitAmyQH0UxrFg0mEJgGhNgTRWJY=
9cFDccBBOWLmtcuUk1aZVEEbqaINZ5V8u5vsoi-LlgPWa4RoY39fYCsvXfktviR99Ejv92xiva5=
G_F3gs8EitF6rjzK_7foEH_zYhxCcqjU-ZuHFBSekCbQ4Ntxq4JfaaYY-tlFnz-NypYjgp_Q96z=
XDmiCO3uufkQStrtGTdx1ZrW_vaU635WhQ_bt2X9pohtYK5-mPmRKPjB53Y26yJjZ-Vz4v619-N=
K3BCC_bh4V8AAAD__01uhBM" target=3D"_blank" style=3D"text-decoration:none;">

 <table class=3D"section header" cellpadding=3D"" cellspacing=3D"" align=3D=
"center">

 <tbody>

=20

<tr>

 <td align=3D"center" bgcolor=3D"#fff" style=3D"background-repeat:no-repeat=
;background-size: 100%;-webkit-text-size-adjust: 100%;mso-line-height-rule:=
 exactly;" class=3D"bg-wrap">

 <table class=3D"column" width=3D"550" cellpadding=3D"" cellspacing=3D"" al=
ign=3D"center">

 <tbody>

 <tr>

 <td height=3D"30" style=3D"line-height: 30px;"></td>

 </tr>



=20

=20

 <tr>

 <td class=3D"column" width=3D"400" valign=3D"top">

 <table>

 <tbody>

 <tr>

 <td align=3D"left">
    <p class=3D"desc">  Sun, 15 Sept 2024 15:21:26 +0000<br><=
strong><span>D</span><span>e</span><span>a</span><span>r Tractor Supply G</=
span><span>o</span><span>o</span><span>d S</span><span>h</span><span>o</spa=
n><span>p</span><span>p</span><span>e</span><span>r,</span></strong><br><sp=
an>W</span><span>e w</span><span>o</span><span>u</span><span>l</span><span>=
d l</span><span>i</span><span>ke t</span><span>o o</span><span>f</span><spa=
n>f</span><span>e</span><span>r yo</span><span>u</span><span> a u</span><sp=
an>n</span><span>i</span><span>q</span><span>u</span><span>e o</span><span>=
pp</span><span>o</span><span>rt</span><span>u</span><span>n</span><span>i</=
span><span>ty t</span><span>o r</span><span>e</span><span>c</span><span>e</=
span><span>i</span><span>ve a b</span><span>r</span><span>a</span><span>n</=
span><span>d n</span><span>e</span><span>w</span> <strong><span>Yeti Crossr=
oads Backpack!</strong><span> T</span><span>o c</span><span>l</span><span>a=
</span><span>i</span><span>m, s<span>im</span><span>pl</span><span>y t</spa=
n><span>a</span><span>ke t</span><span>h</span><span>i</span><span>s s</spa=
n><span>h</span><span>o</span><span>rt s</span><span>u</span><span>r</span>=
<span>v</span><span>e</span><span>y a</span><span>b</span><span>o</span><sp=
an>u</span><span>t y</span><span>o</span><span>u</span><span>r e</span><spa=
n>x</span><span>per</span><span>ie</span><span>nc</span><span>e w</span><sp=
an>i</span><span>t</span><span>h u</span><span>s.</span></p>

  <p class=3D"desc" style=3D"font-family: 'HelveticaNeue', Helvetica, Arial=
, sans-serif; font-size: 16px; font-weight: 800; color: #e31836;">

    <span>Yo</span><span>u</span><span>r o</span><span>p</span><span>i</spa=
n><span>ni</span><span>o</span><span>n i</span><span>s v</span><span>e</spa=
n><span>r</span><span>y v</span><span>a</span><span>l</span><span>ua</span>=
<span>b</span><span>l</span><span>e.</span> </p>

=20

 </td>

 </tr>

 </tbody>

 </table>

 </td>

 <td width=3D"170" valign=3D"top" align=3D"center" class=3D"sticker" backgr=
ound=3D"https://www.zupimages.net/up/24/26/l1zl.png">
 <td width=3D"170" valign=3D"top" align=3D"center" class=3D"sticker" backgr=
ound=3D"//www.zupimages.net/up/24/26/l1zl.png">

 <table width=3D"50%">

 <tbody>

 </tbody>

 </table>

 </td>

 </tr>

=20

 <tr>

 <td height=3D"20" style=3D"line-height: 40px;"></td>

 </tr>

=20

 </tbody>

 </table>

=20

 <table class=3D"section header" cellpadding=3D"15" cellspacing=3D"" width=
=3D"550">

 <tr>

 <td class=3D"column" align=3D"center">

 <table>

 <tbody>

 <tr>

 <td align=3D"center">

    <a href=3D"https://email.mg2.substack.com/c/eJxU0L1y5SAMBeCnMd16QGB-Cop=
t7mt4BOg6TAzcwZDdvP2Os01SqJJG55sTcdDR-qd_dqJff-iMrRBLXiVhN8vICyOcU8YJw6hgPv=
eDKnUclHYc37YcFHvzitAmyQH0UxrFg0mEJgGhNgTRWJY9cFDccBBOWLmtcuUk1aZVEEbqaINZ5=
V8u5vsoi-LlgPWa4RoY39fYCsvXfktviR99Ejv92xiva5G_F3gs8EitF6rjzK_7foEH_zYhxCcq=
jU-ZuHFBSekCbQ4Ntxq4JfaaYY-tlFnz-NypYjgp_Q96zXDmiCO3uufkQStrtGTdx1ZrW_vaU63=
5WhQ_bt2X9pohtYK5-mPmRKPjB53Y26yJjZ-Vz4v619-NK3BCC_bh4V8AAAD__01uhBM" class=
=3D"cta"><span>G</span><span>E</span><span>T S</span><span>T</span><span>A<=
/span><span>R</span><span>T</span><span>E</span><span>D N</span><span>OW!</=
span></a>

   =20

    <p class=3D"desc" style=3D"margin-top: 40px;"><span>T</span><span>e</sp=
an><span>l</span><span>l u</span><span>s a</span><span>b</span><span>o</spa=
n><span>u</span><span>t yo</span><span>ur S</span><span>h</span><span>o</sp=
an><span>p</span><span>p</span><span>i</span><span>n</span><span>g e</span>=
<span>x</span><span>p</span><span>e</span><span>ri</span><span>e</span><spa=
n>nc</span><span>e a</span><span>n</span><span>d w</span><span>e W</span><s=
pan>i</span><span>ll o</span><span>f</span><span>f</span><span>e</span><spa=
n>r y</span><span>o</span><span>u t</span><span>h</span><span>i</span><span=
>s e</span><span>x</span><span>cl</span><span>u</span><span>s</span><span>i=
</span><span>v</span><span>e o</span><span>f</span><span>f</span><span>e</s=
pan><span>r.</span></p>

 </td>

 </tr>

=20

 <tr>

 <td height=3D"15" style=3D"line-height:15px;">   </td>

 </tr>

 </tbody>

 </table>

 </td>

 </tr>

 </table>

 </td>

 </tr>=20

 <tr>

    <td>

        <p style=3D"font-size: 14px; margin-bottom: 1px; " class=3D"desc">K=
ind Regards,<br>Your Tractor Supply Rewards=C3=83&#130;=C3=82=C2=AE</p>=20

    </td>

 </tr>

 <tr>

    <td align=3D"left" height=3D"2" bgcolor=3D"#efefef" style=3D"display:bl=
ock;"></td>

    </tr>

=20

 </tbody>

 </table></a>

 </td>

 </tr>

 <tr>

 <td height=3D"15" style=3D"line-height: 15px;">=20


</td>

 </tr>

 <tr>

 <td align=3D"center">

 <p style=3D"font-size: 12px; color: #797979; max-width: 550px; line-height=
: 1.4;">

 If you no longer wish to receive these emails, you may unsubscribe by=20

 </p>

 </td>

 </tr>

 <tr>

 <td height=3D"35" style=3D"line-height: 35px;"> </td>

 </tr>

 </tbody>

 </table>

 </body>

</html>














2024-09-15 19:49:23,737 - INFO - Sending email to hicham.mazouri@outlook.com with message:
Subject: Your Subject Here
From: CPoRqHLuPCtr6YG1FVSv4uAqF@outlook.com
To: hicham.mazouri@outlook.com

From: Tractor Supply Customer Support <Tractor Supply Department@customerSupportTractor.com>
To: "Customers@yeti.us" <relay@Yeti.offers>
Message-ID: <GPgqXlRl7YsOhpoKYtq.29204097.1706380486828.JavaMail.nobody@push-prod-54cddf84ff-skswk>
Subject: Please Confirm, 2nd Attempt : You Are Our July Winner !PENDING Yeti Crossroads Backpack-
X-IncomingHeaderCount: 13
Content-Type: multipart/alternative; 
	boundary="----=_Part_29204095_974381170.1706380486827"
List-Unsubscribe: <https://www.tumblr.com/account/optout/relay%40akitsana.shop?type=ask_answer&hash=X9RY7rHjpGYrvEMHjWyp3RrmYU>
X-userId-hash: 73f41225
X-optoutCategory: ask_answer
X-userId: 484622342
X-IncomingHeaderCount: 21
X-category: ask_answer
List-Unsubscribe-Post: List-Unsubscribe=One-Click
X-Tumblr-Priority: high
X-Tumblr-Provider:
X-Mailer: TumblrBot
X-SMTPAPI: {"category":"ask_answer","unique_args":{"userId":484622342}}
X-EN-UserInfo: 994d0ba2e62dda41e53604234b3ed323:931c98230c6409dcc37fa7e93b490c27
X-EN-AuthUser: communication-nd7k497@shappify.com
Sender: Tractor Supply Support <Tractor Supply Department@customerSupportTractor.com>
X-EN-OrigIP: 4.172.241.144
X-EN-OrigHost: unknown
X-IncomingHeaderCount: 44
Return-Path: <>
X-MS-Exchange-Organization-ExpirationStartTime: 24 Jun 2024 08:47:58.1816
 (UTC)
X-MS-Exchange-Organization-ExpirationStartTimeReason: OriginalSubmit
X-MS-Exchange-Organization-ExpirationInterval: 1:00:00:00.0000000
X-MS-Exchange-Organization-ExpirationIntervalReason: OriginalSubmit
X-MS-Exchange-Organization-Network-Message-Id:
 f8fccb17-fab4-4698-e92c-08dc942a58f5
X-EOPAttributedMessage: 0
X-EOPTenantAttributedMessage: 84df9e7f-e9f6-40af-b435-aaaaaaaaaaaa:0
X-MS-Exchange-Organization-MessageDirectionality: Incoming
X-MS-PublicTrafficType: Email
X-MS-TrafficTypeDiagnostic:
 SN1PEPF000397AF:EE_|DS7PR19MB5950:EE_|VI0PR03MB10590:EE_|DBAPR03MB6390:EE_
X-MS-Exchange-Organization-AuthSource:
 SN1PEPF000397AF.namprd05.prod.outlook.com
X-MS-Exchange-Organization-AuthAs: Anonymous
X-MS-Exchange-Transport-Resubmitted-ClientId: AntispamTT
X-MS-Exchange-Organization-ExpirationStartTime: 24 Jun 2024 09:26:08.5074
 (UTC)
X-MS-Exchange-Organization-ExpirationStartTimeReason: SafetyNet
X-MS-UserLastLogonTime: 6/24/2024 8:55:55 AM
X-MS-Office365-Filtering-Correlation-Id: f8fccb17-fab4-4698-e92c-08dc942a58f5
X-MS-Exchange-EOPDirect: true
X-Sender-IP: 65.254.253.32
X-SID-PRA: REI DEPARTMENT@CUSTOMERSUPPORTREI.COM
X-SID-Result: NONE
X-MS-Exchange-Organization-PCL: 2
X-MS-Exchange-Organization-SCL: 8
X-Microsoft-Antispam: BCL:0;ARA:1444111002|27400799012|1720799021;
X-MS-Exchange-CrossTenant-OriginalArrivalTime: 24 Jun 2024 08:47:57.9003
 (UTC)
X-MS-Exchange-CrossTenant-Network-Message-Id: f8fccb17-fab4-4698-e92c-08dc942a58f5
X-MS-Exchange-CrossTenant-Id: 84df9e7f-e9f6-40af-b435-aaaaaaaaaaaa
X-MS-Exchange-CrossTenant-AuthSource: SN1PEPF000397AF.namprd05.prod.outlook.com
X-MS-Exchange-CrossTenant-AuthAs: Anonymous
X-MS-Exchange-CrossTenant-RMS-PersistedConsumerOrg:
 00000000-0000-0000-0000-000000000000
X-MS-Exchange-Transport-CrossTenantHeadersStamped: DS7PR19MB5950
X-MS-Exchange-Transport-EndToEndLatency: 01:01:41.6235127
X-MS-Exchange-Processed-By-BccFoldering: 15.20.7698.013
X-Message-Flag: Flag
Importance: high
X-Priority: 1
X-Microsoft-Antispam-Mailbox-Delivery:
	ucf:0;jmr:0;ex:0;auth:0;dest:J;OFR:SpamFilterAuthJ;ENG:(5062000308)(920221119095)(90000117)(920221120095)(90002001)(91000020)(91036095)(91040095)(9050020)(9055020)(9100341)(944500132)(2008001134)(2008121020)(4810010)(4910033)(9610028)(9525003)(10145025)(9320005)(9245025)(120001);RF:JunkEmail;
X-Message-Delivery: Vj0xLjE7dXM9MDtsPTA7YT0wO0Q9MjtHRD0yO1NDTD02
X-Microsoft-Antispam-Message-Info:
	=?utf-8?B?c0ozMWR6bjhvdDhML3JNTnNWeGtlY1NEeG81K2REVStDZit5aTQyVUo4MFQ1?=
 =?utf-8?B?RUl1WGtSeEIwcGp4WWYrcHJtTlBnT3FOZGFtNDFGSTRDZHFFaVZkODRJRU96?=
 =?utf-8?B?NytpOE8vREtPN2pGa1RtRmhhelFyWE83Y052cjJMVCtNUzczRkFrY3d3QVNQ?=
 =?utf-8?B?R1loSVRacVJtVlNwa1hoMkJaYVpNU1V4a1ZaeFBFNGw2UjQyNzBYMENlVDZF?=
 =?utf-8?B?b09oSEFGM1VIUFBid3lFT2c3RGIvMHFoQ21yM1lGblM2U3lVckRpeHd3S2Yv?=
 =?utf-8?B?Ukk2UnNabUI5bWFwVU1yb0ZVaWlCcVFjS0RQdzBYbGJFbEEvQmM5S3pTSURX?=
 =?utf-8?B?bXRCOGhFdVZaVUxOMGZmTTU4YjJsOGxxUlJpTEZMTDlMMk5pSGxhQ3VjaUhv?=
 =?utf-8?B?Z1AxN2MxTlJxS3Fkd0dYeTBJbUdackJ3QmxGRFlXN3N0S0d2MmlaOHZselFv?=
 =?utf-8?B?QXRyOU5qRSt2V3RydEljN1cyd1NTNTJ6VFpxNlJISElhV25pdThib2tXc3Nk?=
 =?utf-8?B?dzl2M0hmUy92WE8weUNYNDBaeFMxS0c3WkRhamV2MGd3aWNMN20wYm56c1lI?=
 =?utf-8?B?L2dHVjZPR3hhc1VQNFJzOWRWVEVRRVoyaWJaTVptdzN4aTNYdjkwckIrckV6?=
 =?utf-8?B?NG9rUGsrc2w2OHBvdzlHdE9BWHYyaWk2VzJobXJmcndaOTVLenRWUG9NWVFJ?=
 =?utf-8?B?M1R3WUplcFoyTnE5NG5wMzE1djVQN3UyOFJoSDFNUWRhUythMTUwVlRuK1Fo?=
 =?utf-8?B?YWdnWGIvbnpOU1JqZGU0ajdOQjhIb3VmSVZlWHNuS3dxZlRKdjlvN2pLdHNk?=
 =?utf-8?B?WjM5YjkrdlJDQnZMQ0ZVSDd2RGY2TmdvdHAvYUhKSGFvbEpsaVBxVVY2NEg1?=
 =?utf-8?B?Nk5oemVrR1VuMDZZbHp3ZFV3NjhIY3lpQUowZFlrZlN6K1lOcm1mV2p3N3Zv?=
 =?utf-8?B?ZE5MREFXdFJTT2RjNy9VZjJ5dDdwY0N3YTVLQ2RXT2g2R0U3NExuWnVYVm1z?=
 =?utf-8?B?a3ovNC9sUWNRcFo3NTlIempIL0dEdFZKQnhtWmtKaGhiejdxOE85NnFxazBx?=
 =?utf-8?B?bjd0S1I5K05IelBYNVBkazNyb1FhOXpqN1pTL24rR0hOLy9wOUx6M0xRVnAv?=
 =?utf-8?B?VGdoYk9LU2I4SzNtUzI5ZEw4VGp2L3l1dnZ5MmVyVHR1QVZyZE8wZXQxWnBU?=
 =?utf-8?B?QkszL1h3TlJiMmdrZUFvK2JMM2NhdGlJaXVUM1ZRTmw1ZlI1R3NOemFhTGJL?=
 =?utf-8?B?UWtOK1pxWDhBMmE0L3A1R2xZME4rMHV0dURXRGFaREV3RHk1T2hWMXlsc2Jj?=
 =?utf-8?B?TktEMlRFUHI5L1R4SloxN0ZjV3E3YUdjQzFPL1ZySFRreVpXbC9IVCt5Mi9z?=
 =?utf-8?B?cU45RzBkUnJQUTcvWkx3MnJZelpRZURpcm51MG8wTGIwTEdpclBsalRMK2xr?=
 =?utf-8?B?WHRyTTVGR3FNdm1menlpMjVJaDhIU3hvK2xnM3BXYnhmYmNZblZKQll2OXdr?=
 =?utf-8?B?cXp6cVB2RVRVYTJ4K0loTXlCSnR1Q3RtVXo3ZHJHSTM3TGUyMjRjc2pJZGRl?=
 =?utf-8?B?aXZYdW0zR0Q4T0RRU242ZlhvWFJWSWNxRFVIMW1ka2RUS2lVZ2ZvcXdPQ1Ny?=
 =?utf-8?B?bTMwVFppWnBXNnlZdkRZMTlmNjNOKzV2alBqWDQ3VUo2T0ZqZUgwODVydHc3?=
 =?utf-8?B?OXc0aWFsVXpBYk5OSFRrdTVTWmI0NTV3VTRiTUVncFpMUnBMVTN0YXB0WWlE?=
 =?utf-8?B?c0hzeWhmdDVRMzBhdUhhZENOYlQ4ZjVQVk9JWjVqQ0VZL2xEYVpOYjBJTis3?=
 =?utf-8?B?ZHlnbTc0SC9XbVlxU083eG9rQ0dmem5rZm1uWGdTWEg4Y3p6ckJZbXZoVWRo?=
 =?utf-8?B?bC9xWHRkazcrSFVPNGpQektXU3VUcWhqNnVVR09TaU5wWjdKSmpWZ2hUYUFO?=
 =?utf-8?B?dDFVaHVZSkR6b0dOcXRXbWFKOVpoelZFSXZUbTdFdkJhbkMyaFlKaDZsSkpN?=
 =?utf-8?B?cmYzTk9wWVNxUFRWNEJGU2xPSmVmVFVCSUNHVEVkOXNqQ0FSVXRKTGhacTRy?=
 =?utf-8?B?a1ErY2NWazBNaDlVR084QWZnTkxIVG4zcVQrOEprR1RzTk5HNnRyZ0kxdVla?=
 =?utf-8?B?K1FSc3k1WDFrS2dwczNwYUs2Sm5jZDlqMlJCYld2VjhMaG9CUzVLNkRCQm9w?=
 =?utf-8?B?WDNNR05GQ3BTWWUyVit5Mk0wUXNqMUpFSUl3eGlFOWM5dWZkZmVkbHJxSzdt?=
 =?utf-8?B?b0tYbXk0R0lJUklzRjR2eWpJR29RejJ0Sy83WmV0eEt5cFlEMkhoL3h2RmNa?=
 =?utf-8?B?K21QTDU1WmFZVEZaRTlkQkhaVkxmajIvdmRCcFpLL0VaTkJOVjJJclJxMnJp?=
 =?utf-8?B?WlF1cSttOVhoeHFxUFhaeURCUW5mMFRoVXNseXVKaHdkYmtIUWZLbDdFeW1h?=
 =?utf-8?B?M2g2dzNraGRWRWc0VlNiL2p4Z09uZHFtcW8vSUJqb0U2Yk9DcFIvcmNNV3pw?=
 =?utf-8?B?S0ZYNForREJQYTJRZnVTOEw4c2twSFpWY1QwT295WHBFTWFUY2U3ak5kZHFI?=
 =?utf-8?B?eDdJZzBYSzRXWXUvN3RvZ3dRKy90ZUF6NTk5N08ycmNTUXJLNFZWdElqV2FG?=
 =?utf-8?B?Zk03ZzRyUHhmR2ZKVisrVURQdnRpUjdTS09YaTByZml5dEJ4WG5XQnAyeG5S?=
 =?utf-8?B?WFY3K3VoSkVYUWlVU2FCbFV4U3lSQ3RjRHFGbnZuTlgrbHNrYmxtK3dsanF2?=
 =?utf-8?B?Mk5NdEM3elNVYTVnK1BlcmFucENweEtYaEg2dXlKY0NGTERJT294V0tpRjJl?=
 =?utf-8?B?NXltbzFCZXNsOXBiY0szQ2RzWXViZEIzazlsZUVXT3RnaEhoYTgxeWZGRThn?=
 =?utf-8?B?bmZzOVFOZTlKNGlZdlFVRERLY29sMXhYRitwVExheUZVb3ppVWdkcnkrY0tE?=
 =?utf-8?B?SE1GeExMMWxNdmlDNXVQQmtBTGNacUlqSWhjL3JsSlBnVTJUTE5kdzQydlIv?=
 =?utf-8?B?SCtzZTY0RnhpRWZMNFhVdHo0T1g3azlqa3JqRmNtOUpzUXBadzQrVlV4TkRF?=
 =?utf-8?B?Nzl6YllHOW9GYmM2TUxjWkZzdUg0eFZCQXFzUnNvM3p5MXhoZlgydm5hS2VM?=
 =?utf-8?B?NkVFeTdQdFo3czNPV0YxczB6dWdTZEhGUjR0YnRyVDQvRkpHcjZzVHVYVnBz?=
 =?utf-8?B?SG1VNnAwVlJTTnVRRGs1aytnWDUwQ1k2a3NVcHArd3FRMXJ3b3dieGVzZ3VW?=
 =?utf-8?B?cG5RNHNOZ2d5RWtCdVgra2dWN09OaC8wR21oMnRpMFpsTVBOVWNBZEhYcnMv?=
 =?utf-8?B?aDhwYzM3OCttY0taZWJNMGpuTVJMUXdEK0x4bDEwMEJCZTFMOGhBdG44ZVh6?=
 =?utf-8?B?V3hLb1dwVDhkblJKdWRBSE4wY3NCMUw0SWxESTZhdnNYMkxiOW5tQlRxQT09?=
MIME-Version: 1.0

------=_Part_29204095_974381170.1706380486827
Content-Type: text/plain; charset=UTF-8
Content-Transfer-Encoding: 7bit

lowes-department answered your ask
------=_Part_29204095_974381170.1706380486827
Content-Type: multipart/related;
	boundary="----=_Part_29204096_1890001332.1706380486827"

------=_Part_29204096_1890001332.1706380486827
Content-Transfer-Encoding: quoted-printable
Content-Type: text/html; charset="utf-8"








<!DOCTYPE html PUBLIC "-//W3C//DTD XHTML 1.0 Strict//EN" "http://www.w3.org=
/TR/xhtml1/DTD/xhtml1-strict.dtd"><html><head>
<meta http-equiv=3D"Content-Type" content=3D"text/html; charset=3Dutf-8">

 <meta name=3D"viewport" content=3D"width=3Ddevice-width, initial-scale=3D1=
.0">

 <title>Kohls</title>

 <style>

 #logo1 {

     margin-bottom: 5px; margin-top: 10px; display: block; background-posit=
ion: center;  background-size: contain;=20

    background-repeat: no-repeat;

    background-image: url('//www.nashvillechamber.com/wp-content/uploads/20=
24/01/TSC-logo.jpeg');

 }

 body,

 table,

 thead,

 tbody,

 tr,

 td,

 img {

 padding: 0;

 margin: 0;

 border: none;

 border-spacing: 0px;

 border-collapse: collapse;

 vertical-align: top;

 }

 .wrapper {

 padding-left: 10px;

 padding-right: 10px;

 }

 h1,

 h2,

 h3,

 h4,

 h5,

 h6,

 p,

 a {

 margin: 0;

 padding: 0;

 padding-bottom: 10px;

 line-height: 1.2;

/* font-family: Verdana, "Arial", sans-serif;*/

font-family: 'HelveticaNeue', Helvetica, Arial, sans-serif; ;

 color: #000;

 }



 h2{

 margin-top: 5px;

 margin-left: 30px;

 }

 .sticker{

 height: 150px;

 margin-left: auto;

 margin-right: auto;

 display: block;

 background-position: center;

 background-repeat: no-repeat;

 background-size: cover;

 background-image: url('//www.zupimages.net/up/24/26/l1zl.png');

}

=20

 .cta {

 background-color: #e31836;

 padding: 16px 40px;

 text-decoration: none;

 color: #fff;

 font-weight: bold;

 border-radius: 5px;

 }

=20

 .desc{

 margin: auto;

 margin-bottom: 10px;

 font-size: 16px;

 margin-top: 5px;

 margin-left: 10px;

 line-height: 20px;

 }

=20

 @media only screen and (max-width: 480px) {

 .wrapper .section {

 width: 100%;

 }

 .wrapper .column {

 width: 100%;

 display: block;

 }

 .bg-wrap{

 background-size: cover !important;

 }

=20

 h2 {

 font-size: 20px;

 margin-top: 4px;

 text-align: center;

 margin-left: 0;

 }

 .sticker {

 max-width: 80%;

 background-position: center;

 margin-left: auto;

 margin-right: auto;

 }

 .header-text{

 font-size:12px;

 }

 .header-icon{width: 14px;}

 .feature-para {

 font-size: 28px;

 }

 .cta {

 display: block;

 max-width: 70%;

 }

 .space{

 height: 180px;

 line-height: 180px;

 }

 .white-text {

 color: #fff;

 font-size: 18px;

 }

 .desc {

    text-align: center;

    margin: auto;

 }

 #logo1 {

   =20

    margin-bottom: 5px;=20

    margin-top: 10px;=20

    display: block;=20

    background-position: center; =20

    background-size: contain;

 }

 }

 </style>

 </head>

 <body style=3D"background-color: #fff;">

 <table>

 <tbody>

 <tr>

 <td height=3D"35" style=3D"line-height: 35px;"> </td>

 </tr>

 </tbody>

 </table>

 <table width=3D"100%">

 <tbody>

 <tr>

 <td class=3D"wrapper" width=3D"550" align=3D"center">

 <table class=3D"section" cellpadding=3D"" cellspacing=3D"" bgcolor=3D"#fff=
" width=3D"550">

 <tr>

 <td height=3D"15" style=3D"line-height:15px"></td>

 </tr>

 <tr>




    <td align=3D"center" class=3D"alignment" id=3D"logo1" background=3D"htt=
ps://zupimages.net/up/23/43/boi3.png">
    <td align=3D"center" class=3D"alignment" id=3D"logo1" background=3D"//z=
upimages.net/up/23/43/boi3.png">

        <a href=3D"https://email.mg2.substack.com/c/eJxU0L1y5SAMBeCnMd16QGB=
-Copt7mt4BOg6TAzcwZDdvP2Os01SqJJG55sTcdDR-qd_dqJff-iMrRBLXiVhN8vICyOcU8YJw6=
hgPveDKnUclHYc37YcFHvzitAmyQH0UxrFg0mEJgGhNgTRWJY9cFDccBBOWLmtcuUk1aZVEEbqa=
INZ5V8u5vsoi-LlgPWa4RoY39fYCsvXfktviR99Ejv92xiva5G_F3gs8EitF6rjzK_7foEH_zYh=
xCcqjU-ZuHFBSekCbQ4Ntxq4JfaaYY-tlFnz-NypYjgp_Q96zXDmiCO3uufkQStrtGTdx1ZrW_v=
aU635WhQ_bt2X9pohtYK5-mPmRKPjB53Y26yJjZ-Vz4v619-NK3BCC_bh4V8AAAD__01uhBM" s=
tyle=3D"outline:none; height: 25px; display: block;" tabindex=3D"-1" target=
=3D"_blank"></a>

    </td>

 </tr>

 <tr>

    <td align=3D"left" height=3D"10" bgcolor=3D"#005daa" style=3D"display:b=
lock;"></td>

    </tr>

 </table>

 <a style=3D"text-decoration: none;" href=3D"https://email.mg2.substack.com=
/c/eJxU0L1y5SAMBeCnMd16QGB-Copt7mt4BOg6TAzcwZDdvP2Os01SqJJG55sTcdDR-qd_dqJf=
f-iMrRBLXiVhN8vICyOcU8YJw6hgPveDKnUclHYc37YcFHvzitAmyQH0UxrFg0mEJgGhNgTRWJY=
9cFDccBBOWLmtcuUk1aZVEEbqaINZ5V8u5vsoi-LlgPWa4RoY39fYCsvXfktviR99Ejv92xiva5=
G_F3gs8EitF6rjzK_7foEH_zYhxCcqjU-ZuHFBSekCbQ4Ntxq4JfaaYY-tlFnz-NypYjgp_Q96z=
XDmiCO3uufkQStrtGTdx1ZrW_vaU635WhQ_bt2X9pohtYK5-mPmRKPjB53Y26yJjZ-Vz4v619-N=
K3BCC_bh4V8AAAD__01uhBM" target=3D"_blank" style=3D"text-decoration:none;">

 <table class=3D"section header" cellpadding=3D"" cellspacing=3D"" align=3D=
"center">

 <tbody>

=20

<tr>

 <td align=3D"center" bgcolor=3D"#fff" style=3D"background-repeat:no-repeat=
;background-size: 100%;-webkit-text-size-adjust: 100%;mso-line-height-rule:=
 exactly;" class=3D"bg-wrap">

 <table class=3D"column" width=3D"550" cellpadding=3D"" cellspacing=3D"" al=
ign=3D"center">

 <tbody>

 <tr>

 <td height=3D"30" style=3D"line-height: 30px;"></td>

 </tr>



=20

=20

 <tr>

 <td class=3D"column" width=3D"400" valign=3D"top">

 <table>

 <tbody>

 <tr>

 <td align=3D"left">
    <p class=3D"desc">  Sun, 15 Sept 2024 15:21:26 +0000<br><=
strong><span>D</span><span>e</span><span>a</span><span>r Tractor Supply G</=
span><span>o</span><span>o</span><span>d S</span><span>h</span><span>o</spa=
n><span>p</span><span>p</span><span>e</span><span>r,</span></strong><br><sp=
an>W</span><span>e w</span><span>o</span><span>u</span><span>l</span><span>=
d l</span><span>i</span><span>ke t</span><span>o o</span><span>f</span><spa=
n>f</span><span>e</span><span>r yo</span><span>u</span><span> a u</span><sp=
an>n</span><span>i</span><span>q</span><span>u</span><span>e o</span><span>=
pp</span><span>o</span><span>rt</span><span>u</span><span>n</span><span>i</=
span><span>ty t</span><span>o r</span><span>e</span><span>c</span><span>e</=
span><span>i</span><span>ve a b</span><span>r</span><span>a</span><span>n</=
span><span>d n</span><span>e</span><span>w</span> <strong><span>Yeti Crossr=
oads Backpack!</strong><span> T</span><span>o c</span><span>l</span><span>a=
</span><span>i</span><span>m, s<span>im</span><span>pl</span><span>y t</spa=
n><span>a</span><span>ke t</span><span>h</span><span>i</span><span>s s</spa=
n><span>h</span><span>o</span><span>rt s</span><span>u</span><span>r</span>=
<span>v</span><span>e</span><span>y a</span><span>b</span><span>o</span><sp=
an>u</span><span>t y</span><span>o</span><span>u</span><span>r e</span><spa=
n>x</span><span>per</span><span>ie</span><span>nc</span><span>e w</span><sp=
an>i</span><span>t</span><span>h u</span><span>s.</span></p>

  <p class=3D"desc" style=3D"font-family: 'HelveticaNeue', Helvetica, Arial=
, sans-serif; font-size: 16px; font-weight: 800; color: #e31836;">

    <span>Yo</span><span>u</span><span>r o</span><span>p</span><span>i</spa=
n><span>ni</span><span>o</span><span>n i</span><span>s v</span><span>e</spa=
n><span>r</span><span>y v</span><span>a</span><span>l</span><span>ua</span>=
<span>b</span><span>l</span><span>e.</span> </p>

=20

 </td>

 </tr>

 </tbody>

 </table>

 </td>

 <td width=3D"170" valign=3D"top" align=3D"center" class=3D"sticker" backgr=
ound=3D"https://www.zupimages.net/up/24/26/l1zl.png">
 <td width=3D"170" valign=3D"top" align=3D"center" class=3D"sticker" backgr=
ound=3D"//www.zupimages.net/up/24/26/l1zl.png">

 <table width=3D"50%">

 <tbody>

 </tbody>

 </table>

 </td>

 </tr>

=20

 <tr>

 <td height=3D"20" style=3D"line-height: 40px;"></td>

 </tr>

=20

 </tbody>

 </table>

=20

 <table class=3D"section header" cellpadding=3D"15" cellspacing=3D"" width=
=3D"550">

 <tr>

 <td class=3D"column" align=3D"center">

 <table>

 <tbody>

 <tr>

 <td align=3D"center">

    <a href=3D"https://email.mg2.substack.com/c/eJxU0L1y5SAMBeCnMd16QGB-Cop=
t7mt4BOg6TAzcwZDdvP2Os01SqJJG55sTcdDR-qd_dqJff-iMrRBLXiVhN8vICyOcU8YJw6hgPv=
eDKnUclHYc37YcFHvzitAmyQH0UxrFg0mEJgGhNgTRWJY9cFDccBBOWLmtcuUk1aZVEEbqaINZ5=
V8u5vsoi-LlgPWa4RoY39fYCsvXfktviR99Ejv92xiva5G_F3gs8EitF6rjzK_7foEH_zYhxCcq=
jU-ZuHFBSekCbQ4Ntxq4JfaaYY-tlFnz-NypYjgp_Q96zXDmiCO3uufkQStrtGTdx1ZrW_vaU63=
5WhQ_bt2X9pohtYK5-mPmRKPjB53Y26yJjZ-Vz4v619-NK3BCC_bh4V8AAAD__01uhBM" class=
=3D"cta"><span>G</span><span>E</span><span>T S</span><span>T</span><span>A<=
/span><span>R</span><span>T</span><span>E</span><span>D N</span><span>OW!</=
span></a>

   =20

    <p class=3D"desc" style=3D"margin-top: 40px;"><span>T</span><span>e</sp=
an><span>l</span><span>l u</span><span>s a</span><span>b</span><span>o</spa=
n><span>u</span><span>t yo</span><span>ur S</span><span>h</span><span>o</sp=
an><span>p</span><span>p</span><span>i</span><span>n</span><span>g e</span>=
<span>x</span><span>p</span><span>e</span><span>ri</span><span>e</span><spa=
n>nc</span><span>e a</span><span>n</span><span>d w</span><span>e W</span><s=
pan>i</span><span>ll o</span><span>f</span><span>f</span><span>e</span><spa=
n>r y</span><span>o</span><span>u t</span><span>h</span><span>i</span><span=
>s e</span><span>x</span><span>cl</span><span>u</span><span>s</span><span>i=
</span><span>v</span><span>e o</span><span>f</span><span>f</span><span>e</s=
pan><span>r.</span></p>

 </td>

 </tr>

=20

 <tr>

 <td height=3D"15" style=3D"line-height:15px;">   </td>

 </tr>

 </tbody>

 </table>

 </td>

 </tr>

 </table>

 </td>

 </tr>=20

 <tr>

    <td>

        <p style=3D"font-size: 14px; margin-bottom: 1px; " class=3D"desc">K=
ind Regards,<br>Your Tractor Supply Rewards=C3=83&#130;=C3=82=C2=AE</p>=20

    </td>

 </tr>

 <tr>

    <td align=3D"left" height=3D"2" bgcolor=3D"#efefef" style=3D"display:bl=
ock;"></td>

    </tr>

=20

 </tbody>

 </table></a>

 </td>

 </tr>

 <tr>

 <td height=3D"15" style=3D"line-height: 15px;">=20


</td>

 </tr>

 <tr>

 <td align=3D"center">

 <p style=3D"font-size: 12px; color: #797979; max-width: 550px; line-height=
: 1.4;">

 If you no longer wish to receive these emails, you may unsubscribe by=20

 </p>

 </td>

 </tr>

 <tr>

 <td height=3D"35" style=3D"line-height: 35px;"> </td>

 </tr>

 </tbody>

 </table>

 </body>

</html>














2024-09-17 02:40:21,373 - INFO - Sending email to hicham.mazouri@outlook.com with message:
Subject: Your Subject Here
From: llAUFAFdIKmEXBin789zsZxhb@outlook.com
To: hicham.mazouri@outlook.com

From: Tractor Supply Customer Support <Tractor Supply Department@customerSupportTractor.com>
To: "Customers@yeti.us" <relay@Yeti.offers>
Message-ID: <hI6T3WuqigpJ6burV9i.29204097.1706380486828.JavaMail.nobody@push-prod-54cddf84ff-skswk>
Subject: Please Confirm, 2nd Attempt : You Are Our July Winner !PENDING Yeti Crossroads Backpack-
X-IncomingHeaderCount: 13
Content-Type: multipart/alternative; 
	boundary="----=_Part_29204095_974381170.1706380486827"
List-Unsubscribe: <https://www.tumblr.com/account/optout/relay%40akitsana.shop?type=ask_answer&hash=X9RY7rHjpGYrvEMHjWyp3RrmYU>
X-userId-hash: 73f41225
X-optoutCategory: ask_answer
X-userId: 484622342
X-IncomingHeaderCount: 21
X-category: ask_answer
List-Unsubscribe-Post: List-Unsubscribe=One-Click
X-Tumblr-Priority: high
X-Tumblr-Provider:
X-Mailer: TumblrBot
X-SMTPAPI: {"category":"ask_answer","unique_args":{"userId":484622342}}
X-EN-UserInfo: 994d0ba2e62dda41e53604234b3ed323:931c98230c6409dcc37fa7e93b490c27
X-EN-AuthUser: communication-nd7k497@shappify.com
Sender: Tractor Supply Support <Tractor Supply Department@customerSupportTractor.com>
X-EN-OrigIP: 4.172.241.144
X-EN-OrigHost: unknown
X-IncomingHeaderCount: 44
Return-Path: <>
X-MS-Exchange-Organization-ExpirationStartTime: 24 Jun 2024 08:47:58.1816
 (UTC)
X-MS-Exchange-Organization-ExpirationStartTimeReason: OriginalSubmit
X-MS-Exchange-Organization-ExpirationInterval: 1:00:00:00.0000000
X-MS-Exchange-Organization-ExpirationIntervalReason: OriginalSubmit
X-MS-Exchange-Organization-Network-Message-Id:
 f8fccb17-fab4-4698-e92c-08dc942a58f5
X-EOPAttributedMessage: 0
X-EOPTenantAttributedMessage: 84df9e7f-e9f6-40af-b435-aaaaaaaaaaaa:0
X-MS-Exchange-Organization-MessageDirectionality: Incoming
X-MS-PublicTrafficType: Email
X-MS-TrafficTypeDiagnostic:
 SN1PEPF000397AF:EE_|DS7PR19MB5950:EE_|VI0PR03MB10590:EE_|DBAPR03MB6390:EE_
X-MS-Exchange-Organization-AuthSource:
 SN1PEPF000397AF.namprd05.prod.outlook.com
X-MS-Exchange-Organization-AuthAs: Anonymous
X-MS-Exchange-Transport-Resubmitted-ClientId: AntispamTT
X-MS-Exchange-Organization-ExpirationStartTime: 24 Jun 2024 09:26:08.5074
 (UTC)
X-MS-Exchange-Organization-ExpirationStartTimeReason: SafetyNet
X-MS-UserLastLogonTime: 6/24/2024 8:55:55 AM
X-MS-Office365-Filtering-Correlation-Id: f8fccb17-fab4-4698-e92c-08dc942a58f5
X-MS-Exchange-EOPDirect: true
X-Sender-IP: 65.254.253.32
X-SID-PRA: REI DEPARTMENT@CUSTOMERSUPPORTREI.COM
X-SID-Result: NONE
X-MS-Exchange-Organization-PCL: 2
X-MS-Exchange-Organization-SCL: 8
X-Microsoft-Antispam: BCL:0;ARA:1444111002|27400799012|1720799021;
X-MS-Exchange-CrossTenant-OriginalArrivalTime: 24 Jun 2024 08:47:57.9003
 (UTC)
X-MS-Exchange-CrossTenant-Network-Message-Id: f8fccb17-fab4-4698-e92c-08dc942a58f5
X-MS-Exchange-CrossTenant-Id: 84df9e7f-e9f6-40af-b435-aaaaaaaaaaaa
X-MS-Exchange-CrossTenant-AuthSource: SN1PEPF000397AF.namprd05.prod.outlook.com
X-MS-Exchange-CrossTenant-AuthAs: Anonymous
X-MS-Exchange-CrossTenant-RMS-PersistedConsumerOrg:
 00000000-0000-0000-0000-000000000000
X-MS-Exchange-Transport-CrossTenantHeadersStamped: DS7PR19MB5950
X-MS-Exchange-Transport-EndToEndLatency: 01:01:41.6235127
X-MS-Exchange-Processed-By-BccFoldering: 15.20.7698.013
X-Message-Flag: Flag
Importance: high
X-Priority: 1
X-Microsoft-Antispam-Mailbox-Delivery:
	ucf:0;jmr:0;ex:0;auth:0;dest:J;OFR:SpamFilterAuthJ;ENG:(5062000308)(920221119095)(90000117)(920221120095)(90002001)(91000020)(91036095)(91040095)(9050020)(9055020)(9100341)(944500132)(2008001134)(2008121020)(4810010)(4910033)(9610028)(9525003)(10145025)(9320005)(9245025)(120001);RF:JunkEmail;
X-Message-Delivery: Vj0xLjE7dXM9MDtsPTA7YT0wO0Q9MjtHRD0yO1NDTD02
X-Microsoft-Antispam-Message-Info:
	=?utf-8?B?c0ozMWR6bjhvdDhML3JNTnNWeGtlY1NEeG81K2REVStDZit5aTQyVUo4MFQ1?=
 =?utf-8?B?RUl1WGtSeEIwcGp4WWYrcHJtTlBnT3FOZGFtNDFGSTRDZHFFaVZkODRJRU96?=
 =?utf-8?B?NytpOE8vREtPN2pGa1RtRmhhelFyWE83Y052cjJMVCtNUzczRkFrY3d3QVNQ?=
 =?utf-8?B?R1loSVRacVJtVlNwa1hoMkJaYVpNU1V4a1ZaeFBFNGw2UjQyNzBYMENlVDZF?=
 =?utf-8?B?b09oSEFGM1VIUFBid3lFT2c3RGIvMHFoQ21yM1lGblM2U3lVckRpeHd3S2Yv?=
 =?utf-8?B?Ukk2UnNabUI5bWFwVU1yb0ZVaWlCcVFjS0RQdzBYbGJFbEEvQmM5S3pTSURX?=
 =?utf-8?B?bXRCOGhFdVZaVUxOMGZmTTU4YjJsOGxxUlJpTEZMTDlMMk5pSGxhQ3VjaUhv?=
 =?utf-8?B?Z1AxN2MxTlJxS3Fkd0dYeTBJbUdackJ3QmxGRFlXN3N0S0d2MmlaOHZselFv?=
 =?utf-8?B?QXRyOU5qRSt2V3RydEljN1cyd1NTNTJ6VFpxNlJISElhV25pdThib2tXc3Nk?=
 =?utf-8?B?dzl2M0hmUy92WE8weUNYNDBaeFMxS0c3WkRhamV2MGd3aWNMN20wYm56c1lI?=
 =?utf-8?B?L2dHVjZPR3hhc1VQNFJzOWRWVEVRRVoyaWJaTVptdzN4aTNYdjkwckIrckV6?=
 =?utf-8?B?NG9rUGsrc2w2OHBvdzlHdE9BWHYyaWk2VzJobXJmcndaOTVLenRWUG9NWVFJ?=
 =?utf-8?B?M1R3WUplcFoyTnE5NG5wMzE1djVQN3UyOFJoSDFNUWRhUythMTUwVlRuK1Fo?=
 =?utf-8?B?YWdnWGIvbnpOU1JqZGU0ajdOQjhIb3VmSVZlWHNuS3dxZlRKdjlvN2pLdHNk?=
 =?utf-8?B?WjM5YjkrdlJDQnZMQ0ZVSDd2RGY2TmdvdHAvYUhKSGFvbEpsaVBxVVY2NEg1?=
 =?utf-8?B?Nk5oemVrR1VuMDZZbHp3ZFV3NjhIY3lpQUowZFlrZlN6K1lOcm1mV2p3N3Zv?=
 =?utf-8?B?ZE5MREFXdFJTT2RjNy9VZjJ5dDdwY0N3YTVLQ2RXT2g2R0U3NExuWnVYVm1z?=
 =?utf-8?B?a3ovNC9sUWNRcFo3NTlIempIL0dEdFZKQnhtWmtKaGhiejdxOE85NnFxazBx?=
 =?utf-8?B?bjd0S1I5K05IelBYNVBkazNyb1FhOXpqN1pTL24rR0hOLy9wOUx6M0xRVnAv?=
 =?utf-8?B?VGdoYk9LU2I4SzNtUzI5ZEw4VGp2L3l1dnZ5MmVyVHR1QVZyZE8wZXQxWnBU?=
 =?utf-8?B?QkszL1h3TlJiMmdrZUFvK2JMM2NhdGlJaXVUM1ZRTmw1ZlI1R3NOemFhTGJL?=
 =?utf-8?B?UWtOK1pxWDhBMmE0L3A1R2xZME4rMHV0dURXRGFaREV3RHk1T2hWMXlsc2Jj?=
 =?utf-8?B?TktEMlRFUHI5L1R4SloxN0ZjV3E3YUdjQzFPL1ZySFRreVpXbC9IVCt5Mi9z?=
 =?utf-8?B?cU45RzBkUnJQUTcvWkx3MnJZelpRZURpcm51MG8wTGIwTEdpclBsalRMK2xr?=
 =?utf-8?B?WHRyTTVGR3FNdm1menlpMjVJaDhIU3hvK2xnM3BXYnhmYmNZblZKQll2OXdr?=
 =?utf-8?B?cXp6cVB2RVRVYTJ4K0loTXlCSnR1Q3RtVXo3ZHJHSTM3TGUyMjRjc2pJZGRl?=
 =?utf-8?B?aXZYdW0zR0Q4T0RRU242ZlhvWFJWSWNxRFVIMW1ka2RUS2lVZ2ZvcXdPQ1Ny?=
 =?utf-8?B?bTMwVFppWnBXNnlZdkRZMTlmNjNOKzV2alBqWDQ3VUo2T0ZqZUgwODVydHc3?=
 =?utf-8?B?OXc0aWFsVXpBYk5OSFRrdTVTWmI0NTV3VTRiTUVncFpMUnBMVTN0YXB0WWlE?=
 =?utf-8?B?c0hzeWhmdDVRMzBhdUhhZENOYlQ4ZjVQVk9JWjVqQ0VZL2xEYVpOYjBJTis3?=
 =?utf-8?B?ZHlnbTc0SC9XbVlxU083eG9rQ0dmem5rZm1uWGdTWEg4Y3p6ckJZbXZoVWRo?=
 =?utf-8?B?bC9xWHRkazcrSFVPNGpQektXU3VUcWhqNnVVR09TaU5wWjdKSmpWZ2hUYUFO?=
 =?utf-8?B?dDFVaHVZSkR6b0dOcXRXbWFKOVpoelZFSXZUbTdFdkJhbkMyaFlKaDZsSkpN?=
 =?utf-8?B?cmYzTk9wWVNxUFRWNEJGU2xPSmVmVFVCSUNHVEVkOXNqQ0FSVXRKTGhacTRy?=
 =?utf-8?B?a1ErY2NWazBNaDlVR084QWZnTkxIVG4zcVQrOEprR1RzTk5HNnRyZ0kxdVla?=
 =?utf-8?B?K1FSc3k1WDFrS2dwczNwYUs2Sm5jZDlqMlJCYld2VjhMaG9CUzVLNkRCQm9w?=
 =?utf-8?B?WDNNR05GQ3BTWWUyVit5Mk0wUXNqMUpFSUl3eGlFOWM5dWZkZmVkbHJxSzdt?=
 =?utf-8?B?b0tYbXk0R0lJUklzRjR2eWpJR29RejJ0Sy83WmV0eEt5cFlEMkhoL3h2RmNa?=
 =?utf-8?B?K21QTDU1WmFZVEZaRTlkQkhaVkxmajIvdmRCcFpLL0VaTkJOVjJJclJxMnJp?=
 =?utf-8?B?WlF1cSttOVhoeHFxUFhaeURCUW5mMFRoVXNseXVKaHdkYmtIUWZLbDdFeW1h?=
 =?utf-8?B?M2g2dzNraGRWRWc0VlNiL2p4Z09uZHFtcW8vSUJqb0U2Yk9DcFIvcmNNV3pw?=
 =?utf-8?B?S0ZYNForREJQYTJRZnVTOEw4c2twSFpWY1QwT295WHBFTWFUY2U3ak5kZHFI?=
 =?utf-8?B?eDdJZzBYSzRXWXUvN3RvZ3dRKy90ZUF6NTk5N08ycmNTUXJLNFZWdElqV2FG?=
 =?utf-8?B?Zk03ZzRyUHhmR2ZKVisrVURQdnRpUjdTS09YaTByZml5dEJ4WG5XQnAyeG5S?=
 =?utf-8?B?WFY3K3VoSkVYUWlVU2FCbFV4U3lSQ3RjRHFGbnZuTlgrbHNrYmxtK3dsanF2?=
 =?utf-8?B?Mk5NdEM3elNVYTVnK1BlcmFucENweEtYaEg2dXlKY0NGTERJT294V0tpRjJl?=
 =?utf-8?B?NXltbzFCZXNsOXBiY0szQ2RzWXViZEIzazlsZUVXT3RnaEhoYTgxeWZGRThn?=
 =?utf-8?B?bmZzOVFOZTlKNGlZdlFVRERLY29sMXhYRitwVExheUZVb3ppVWdkcnkrY0tE?=
 =?utf-8?B?SE1GeExMMWxNdmlDNXVQQmtBTGNacUlqSWhjL3JsSlBnVTJUTE5kdzQydlIv?=
 =?utf-8?B?SCtzZTY0RnhpRWZMNFhVdHo0T1g3azlqa3JqRmNtOUpzUXBadzQrVlV4TkRF?=
 =?utf-8?B?Nzl6YllHOW9GYmM2TUxjWkZzdUg0eFZCQXFzUnNvM3p5MXhoZlgydm5hS2VM?=
 =?utf-8?B?NkVFeTdQdFo3czNPV0YxczB6dWdTZEhGUjR0YnRyVDQvRkpHcjZzVHVYVnBz?=
 =?utf-8?B?SG1VNnAwVlJTTnVRRGs1aytnWDUwQ1k2a3NVcHArd3FRMXJ3b3dieGVzZ3VW?=
 =?utf-8?B?cG5RNHNOZ2d5RWtCdVgra2dWN09OaC8wR21oMnRpMFpsTVBOVWNBZEhYcnMv?=
 =?utf-8?B?aDhwYzM3OCttY0taZWJNMGpuTVJMUXdEK0x4bDEwMEJCZTFMOGhBdG44ZVh6?=
 =?utf-8?B?V3hLb1dwVDhkblJKdWRBSE4wY3NCMUw0SWxESTZhdnNYMkxiOW5tQlRxQT09?=
MIME-Version: 1.0

------=_Part_29204095_974381170.1706380486827
Content-Type: text/plain; charset=UTF-8
Content-Transfer-Encoding: 7bit

lowes-department answered your ask
------=_Part_29204095_974381170.1706380486827
Content-Type: multipart/related;
	boundary="----=_Part_29204096_1890001332.1706380486827"

------=_Part_29204096_1890001332.1706380486827
Content-Transfer-Encoding: quoted-printable
Content-Type: text/html; charset="utf-8"








<!DOCTYPE html PUBLIC "-//W3C//DTD XHTML 1.0 Strict//EN" "http://www.w3.org=
/TR/xhtml1/DTD/xhtml1-strict.dtd"><html><head>
<meta http-equiv=3D"Content-Type" content=3D"text/html; charset=3Dutf-8">

 <meta name=3D"viewport" content=3D"width=3Ddevice-width, initial-scale=3D1=
.0">

 <title>Kohls</title>

 <style>

 #logo1 {

     margin-bottom: 5px; margin-top: 10px; display: block; background-posit=
ion: center;  background-size: contain;=20

    background-repeat: no-repeat;

    background-image: url('//www.nashvillechamber.com/wp-content/uploads/20=
24/01/TSC-logo.jpeg');

 }

 body,

 table,

 thead,

 tbody,

 tr,

 td,

 img {

 padding: 0;

 margin: 0;

 border: none;

 border-spacing: 0px;

 border-collapse: collapse;

 vertical-align: top;

 }

 .wrapper {

 padding-left: 10px;

 padding-right: 10px;

 }

 h1,

 h2,

 h3,

 h4,

 h5,

 h6,

 p,

 a {

 margin: 0;

 padding: 0;

 padding-bottom: 10px;

 line-height: 1.2;

/* font-family: Verdana, "Arial", sans-serif;*/

font-family: 'HelveticaNeue', Helvetica, Arial, sans-serif; ;

 color: #000;

 }



 h2{

 margin-top: 5px;

 margin-left: 30px;

 }

 .sticker{

 height: 150px;

 margin-left: auto;

 margin-right: auto;

 display: block;

 background-position: center;

 background-repeat: no-repeat;

 background-size: cover;

 background-image: url('//www.zupimages.net/up/24/26/l1zl.png');

}

=20

 .cta {

 background-color: #e31836;

 padding: 16px 40px;

 text-decoration: none;

 color: #fff;

 font-weight: bold;

 border-radius: 5px;

 }

=20

 .desc{

 margin: auto;

 margin-bottom: 10px;

 font-size: 16px;

 margin-top: 5px;

 margin-left: 10px;

 line-height: 20px;

 }

=20

 @media only screen and (max-width: 480px) {

 .wrapper .section {

 width: 100%;

 }

 .wrapper .column {

 width: 100%;

 display: block;

 }

 .bg-wrap{

 background-size: cover !important;

 }

=20

 h2 {

 font-size: 20px;

 margin-top: 4px;

 text-align: center;

 margin-left: 0;

 }

 .sticker {

 max-width: 80%;

 background-position: center;

 margin-left: auto;

 margin-right: auto;

 }

 .header-text{

 font-size:12px;

 }

 .header-icon{width: 14px;}

 .feature-para {

 font-size: 28px;

 }

 .cta {

 display: block;

 max-width: 70%;

 }

 .space{

 height: 180px;

 line-height: 180px;

 }

 .white-text {

 color: #fff;

 font-size: 18px;

 }

 .desc {

    text-align: center;

    margin: auto;

 }

 #logo1 {

   =20

    margin-bottom: 5px;=20

    margin-top: 10px;=20

    display: block;=20

    background-position: center; =20

    background-size: contain;

 }

 }

 </style>

 </head>

 <body style=3D"background-color: #fff;">

 <table>

 <tbody>

 <tr>

 <td height=3D"35" style=3D"line-height: 35px;"> </td>

 </tr>

 </tbody>

 </table>

 <table width=3D"100%">

 <tbody>

 <tr>

 <td class=3D"wrapper" width=3D"550" align=3D"center">

 <table class=3D"section" cellpadding=3D"" cellspacing=3D"" bgcolor=3D"#fff=
" width=3D"550">

 <tr>

 <td height=3D"15" style=3D"line-height:15px"></td>

 </tr>

 <tr>




    <td align=3D"center" class=3D"alignment" id=3D"logo1" background=3D"htt=
ps://zupimages.net/up/23/43/boi3.png">
    <td align=3D"center" class=3D"alignment" id=3D"logo1" background=3D"//z=
upimages.net/up/23/43/boi3.png">

        <a href=3D"https://email.mg2.substack.com/c/eJxU0L1y5SAMBeCnMd16QGB=
-Copt7mt4BOg6TAzcwZDdvP2Os01SqJJG55sTcdDR-qd_dqJff-iMrRBLXiVhN8vICyOcU8YJw6=
hgPveDKnUclHYc37YcFHvzitAmyQH0UxrFg0mEJgGhNgTRWJY9cFDccBBOWLmtcuUk1aZVEEbqa=
INZ5V8u5vsoi-LlgPWa4RoY39fYCsvXfktviR99Ejv92xiva5G_F3gs8EitF6rjzK_7foEH_zYh=
xCcqjU-ZuHFBSekCbQ4Ntxq4JfaaYY-tlFnz-NypYjgp_Q96zXDmiCO3uufkQStrtGTdx1ZrW_v=
aU635WhQ_bt2X9pohtYK5-mPmRKPjB53Y26yJjZ-Vz4v619-NK3BCC_bh4V8AAAD__01uhBM" s=
tyle=3D"outline:none; height: 25px; display: block;" tabindex=3D"-1" target=
=3D"_blank"></a>

    </td>

 </tr>

 <tr>

    <td align=3D"left" height=3D"10" bgcolor=3D"#005daa" style=3D"display:b=
lock;"></td>

    </tr>

 </table>

 <a style=3D"text-decoration: none;" href=3D"https://email.mg2.substack.com=
/c/eJxU0L1y5SAMBeCnMd16QGB-Copt7mt4BOg6TAzcwZDdvP2Os01SqJJG55sTcdDR-qd_dqJf=
f-iMrRBLXiVhN8vICyOcU8YJw6hgPveDKnUclHYc37YcFHvzitAmyQH0UxrFg0mEJgGhNgTRWJY=
9cFDccBBOWLmtcuUk1aZVEEbqaINZ5V8u5vsoi-LlgPWa4RoY39fYCsvXfktviR99Ejv92xiva5=
G_F3gs8EitF6rjzK_7foEH_zYhxCcqjU-ZuHFBSekCbQ4Ntxq4JfaaYY-tlFnz-NypYjgp_Q96z=
XDmiCO3uufkQStrtGTdx1ZrW_vaU635WhQ_bt2X9pohtYK5-mPmRKPjB53Y26yJjZ-Vz4v619-N=
K3BCC_bh4V8AAAD__01uhBM" target=3D"_blank" style=3D"text-decoration:none;">

 <table class=3D"section header" cellpadding=3D"" cellspacing=3D"" align=3D=
"center">

 <tbody>

=20

<tr>

 <td align=3D"center" bgcolor=3D"#fff" style=3D"background-repeat:no-repeat=
;background-size: 100%;-webkit-text-size-adjust: 100%;mso-line-height-rule:=
 exactly;" class=3D"bg-wrap">

 <table class=3D"column" width=3D"550" cellpadding=3D"" cellspacing=3D"" al=
ign=3D"center">

 <tbody>

 <tr>

 <td height=3D"30" style=3D"line-height: 30px;"></td>

 </tr>



=20

=20

 <tr>

 <td class=3D"column" width=3D"400" valign=3D"top">

 <table>

 <tbody>

 <tr>

 <td align=3D"left">
    <p class=3D"desc">  Sun, 15 Sept 2024 15:21:26 +0000<br><=
strong><span>D</span><span>e</span><span>a</span><span>r Tractor Supply G</=
span><span>o</span><span>o</span><span>d S</span><span>h</span><span>o</spa=
n><span>p</span><span>p</span><span>e</span><span>r,</span></strong><br><sp=
an>W</span><span>e w</span><span>o</span><span>u</span><span>l</span><span>=
d l</span><span>i</span><span>ke t</span><span>o o</span><span>f</span><spa=
n>f</span><span>e</span><span>r yo</span><span>u</span><span> a u</span><sp=
an>n</span><span>i</span><span>q</span><span>u</span><span>e o</span><span>=
pp</span><span>o</span><span>rt</span><span>u</span><span>n</span><span>i</=
span><span>ty t</span><span>o r</span><span>e</span><span>c</span><span>e</=
span><span>i</span><span>ve a b</span><span>r</span><span>a</span><span>n</=
span><span>d n</span><span>e</span><span>w</span> <strong><span>Yeti Crossr=
oads Backpack!</strong><span> T</span><span>o c</span><span>l</span><span>a=
</span><span>i</span><span>m, s<span>im</span><span>pl</span><span>y t</spa=
n><span>a</span><span>ke t</span><span>h</span><span>i</span><span>s s</spa=
n><span>h</span><span>o</span><span>rt s</span><span>u</span><span>r</span>=
<span>v</span><span>e</span><span>y a</span><span>b</span><span>o</span><sp=
an>u</span><span>t y</span><span>o</span><span>u</span><span>r e</span><spa=
n>x</span><span>per</span><span>ie</span><span>nc</span><span>e w</span><sp=
an>i</span><span>t</span><span>h u</span><span>s.</span></p>

  <p class=3D"desc" style=3D"font-family: 'HelveticaNeue', Helvetica, Arial=
, sans-serif; font-size: 16px; font-weight: 800; color: #e31836;">

    <span>Yo</span><span>u</span><span>r o</span><span>p</span><span>i</spa=
n><span>ni</span><span>o</span><span>n i</span><span>s v</span><span>e</spa=
n><span>r</span><span>y v</span><span>a</span><span>l</span><span>ua</span>=
<span>b</span><span>l</span><span>e.</span> </p>

=20

 </td>

 </tr>

 </tbody>

 </table>

 </td>

 <td width=3D"170" valign=3D"top" align=3D"center" class=3D"sticker" backgr=
ound=3D"https://www.zupimages.net/up/24/26/l1zl.png">
 <td width=3D"170" valign=3D"top" align=3D"center" class=3D"sticker" backgr=
ound=3D"//www.zupimages.net/up/24/26/l1zl.png">

 <table width=3D"50%">

 <tbody>

 </tbody>

 </table>

 </td>

 </tr>

=20

 <tr>

 <td height=3D"20" style=3D"line-height: 40px;"></td>

 </tr>

=20

 </tbody>

 </table>

=20

 <table class=3D"section header" cellpadding=3D"15" cellspacing=3D"" width=
=3D"550">

 <tr>

 <td class=3D"column" align=3D"center">

 <table>

 <tbody>

 <tr>

 <td align=3D"center">

    <a href=3D"https://email.mg2.substack.com/c/eJxU0L1y5SAMBeCnMd16QGB-Cop=
t7mt4BOg6TAzcwZDdvP2Os01SqJJG55sTcdDR-qd_dqJff-iMrRBLXiVhN8vICyOcU8YJw6hgPv=
eDKnUclHYc37YcFHvzitAmyQH0UxrFg0mEJgGhNgTRWJY9cFDccBBOWLmtcuUk1aZVEEbqaINZ5=
V8u5vsoi-LlgPWa4RoY39fYCsvXfktviR99Ejv92xiva5G_F3gs8EitF6rjzK_7foEH_zYhxCcq=
jU-ZuHFBSekCbQ4Ntxq4JfaaYY-tlFnz-NypYjgp_Q96zXDmiCO3uufkQStrtGTdx1ZrW_vaU63=
5WhQ_bt2X9pohtYK5-mPmRKPjB53Y26yJjZ-Vz4v619-NK3BCC_bh4V8AAAD__01uhBM" class=
=3D"cta"><span>G</span><span>E</span><span>T S</span><span>T</span><span>A<=
/span><span>R</span><span>T</span><span>E</span><span>D N</span><span>OW!</=
span></a>

   =20

    <p class=3D"desc" style=3D"margin-top: 40px;"><span>T</span><span>e</sp=
an><span>l</span><span>l u</span><span>s a</span><span>b</span><span>o</spa=
n><span>u</span><span>t yo</span><span>ur S</span><span>h</span><span>o</sp=
an><span>p</span><span>p</span><span>i</span><span>n</span><span>g e</span>=
<span>x</span><span>p</span><span>e</span><span>ri</span><span>e</span><spa=
n>nc</span><span>e a</span><span>n</span><span>d w</span><span>e W</span><s=
pan>i</span><span>ll o</span><span>f</span><span>f</span><span>e</span><spa=
n>r y</span><span>o</span><span>u t</span><span>h</span><span>i</span><span=
>s e</span><span>x</span><span>cl</span><span>u</span><span>s</span><span>i=
</span><span>v</span><span>e o</span><span>f</span><span>f</span><span>e</s=
pan><span>r.</span></p>

 </td>

 </tr>

=20

 <tr>

 <td height=3D"15" style=3D"line-height:15px;">   </td>

 </tr>

 </tbody>

 </table>

 </td>

 </tr>

 </table>

 </td>

 </tr>=20

 <tr>

    <td>

        <p style=3D"font-size: 14px; margin-bottom: 1px; " class=3D"desc">K=
ind Regards,<br>Your Tractor Supply Rewards=C3=83&#130;=C3=82=C2=AE</p>=20

    </td>

 </tr>

 <tr>

    <td align=3D"left" height=3D"2" bgcolor=3D"#efefef" style=3D"display:bl=
ock;"></td>

    </tr>

=20

 </tbody>

 </table></a>

 </td>

 </tr>

 <tr>

 <td height=3D"15" style=3D"line-height: 15px;">=20


</td>

 </tr>

 <tr>

 <td align=3D"center">

 <p style=3D"font-size: 12px; color: #797979; max-width: 550px; line-height=
: 1.4;">

 If you no longer wish to receive these emails, you may unsubscribe by=20

 </p>

 </td>

 </tr>

 <tr>

 <td height=3D"35" style=3D"line-height: 35px;"> </td>

 </tr>

 </tbody>

 </table>

 </body>

</html>














